[14:06:25] ══════ BTC自动交易 启动 (币安 20x) ══════
[14:06:25] ══════ BTC自动交易 启动 (币安 20x) ══════
[14:06:25] 品种: ETH/USDT:USDT  仓位: 0.05 ETH  轮询: 300s
[14:06:25] 品种: ETH/USDT:USDT  仓位: 0.05 ETH  轮询: 300s
[14:06:28]   信号过滤: RSI极值(1h RSI=21) → 观望
[14:06:28]   信号过滤: RSI极值(1h RSI=21) → 观望
[14:06:28] ── 价格:1683 方向:观望 ADX:82 +DI:4 -DI:40
[14:06:28] ── 价格:1683 方向:观望 ADX:82 +DI:4 -DI:40
[14:10:59] ══════ BTC自动交易 启动 (币安 20x) ══════
[14:10:59] ══════ BTC自动交易 启动 (币安 20x) ══════
[14:10:59] 品种: ETH/USDT:USDT  仓位: 0.15 ETH  轮询: 300s
[14:10:59] 品种: ETH/USDT:USDT  仓位: 0.15 ETH  轮询: 300s
[14:11:02]   信号过滤: RSI极值(1h RSI=21) → 观望
[14:11:02]   信号过滤: RSI极值(1h RSI=21) → 观望
[14:11:02] ── 价格:1678 方向:观望 ADX:82 +DI:4 -DI:40
[14:11:02] ── 价格:1678 方向:观望 ADX:82 +DI:4 -DI:40
[16:16:02]   信号过滤: RSI极值(1h RSI=23) → 观望
[16:16:02] ── 价格:1665 方向:观望 ADX:82 +DI:4 -DI:43
[16:21:02]   信号过滤: RSI极值(1h RSI=23) → 观望
[16:21:02] ── 价格:1666 方向:观望 ADX:82 +DI:4 -DI:43
[16:26:02]   信号过滤: RSI极值(1h RSI=23) → 观望
[16:26:02] ── 价格:1664 方向:观望 ADX:82 +DI:4 -DI:43
[16:31:02]   信号过滤: RSI极值(1h RSI=24) → 观望
[16:31:02] ── 价格:1672 方向:观望 ADX:82 +DI:4 -DI:43
[16:36:02]   信号过滤: RSI极值(1h RSI=24) → 观望
[16:36:02] ── 价格:1672 方向:观望 ADX:82 +DI:4 -DI:43
[16:41:02]   信号过滤: RSI极值(1h RSI=24) → 观望
[16:41:02] ── 价格:1669 方向:观望 ADX:82 +DI:4 -DI:43
[16:46:02]   信号过滤: RSI极值(1h RSI=23) → 观望
[16:46:02] ── 价格:1666 方向:观望 ADX:82 +DI:4 -DI:43
[16:51:02]   信号过滤: RSI极值(1h RSI=23) → 观望
[16:51:02] ── 价格:1666 方向:观望 ADX:82 +DI:4 -DI:43
[16:56:02]   信号过滤: RSI极值(1h RSI=23) → 观望
[16:56:02] ── 价格:1660 方向:观望 ADX:82 +DI:4 -DI:43
[17:01:02]   信号过滤: RSI极值(1h RSI=23) → 观望
[17:01:02] ── 价格:1664 方向:观望 ADX:82 +DI:4 -DI:43
[17:06:02]   信号过滤: RSI极值(1h RSI=25) → 观望
[17:06:02] ── 价格:1668 方向:观望 ADX:82 +DI:4 -DI:43
[17:11:02] ── 价格:1672 方向:SHORT ADX:82 +DI:4 -DI:43
[17:16:02] ── 价格:1683 方向:SHORT ADX:82 +DI:4 -DI:42
[17:21:02] ── 价格:1680 方向:SHORT ADX:82 +DI:4 -DI:42
[17:26:02] ── 价格:1682 方向:SHORT ADX:82 +DI:4 -DI:42
[17:31:02] ── 价格:1682 方向:SHORT ADX:82 +DI:4 -DI:42
[17:36:02] ── 价格:1683 方向:SHORT ADX:82 +DI:4 -DI:42
[17:41:02] ── 价格:1678 方向:SHORT ADX:82 +DI:4 -DI:42
[17:46:02] ── 价格:1680 方向:SHORT ADX:82 +DI:4 -DI:42
[17:51:02] ── 价格:1680 方向:SHORT ADX:82 +DI:4 -DI:42
[17:56:02] ── 价格:1681 方向:SHORT ADX:82 +DI:4 -DI:42
[18:01:02] ── 价格:1684 方向:SHORT ADX:82 +DI:4 -DI:42
[18:06:02] ── 价格:1677 方向:SHORT ADX:82 +DI:4 -DI:42
[18:11:02] ── 价格:1673 方向:SHORT ADX:82 +DI:4 -DI:42
[18:16:02] ── 价格:1675 方向:SHORT ADX:82 +DI:4 -DI:42
[18:21:02] ── 价格:1672 方向:SHORT ADX:82 +DI:4 -DI:42
[18:26:02] ── 价格:1676 方向:SHORT ADX:82 +DI:4 -DI:42
[18:31:02] ── 价格:1679 方向:SHORT ADX:82 +DI:4 -DI:42
[18:36:02] ── 价格:1678 方向:SHORT ADX:82 +DI:4 -DI:42
[18:41:02] ── 价格:1675 方向:SHORT ADX:82 +DI:4 -DI:42
[18:46:02] ── 价格:1677 方向:SHORT ADX:82 +DI:4 -DI:42
[18:51:02] ── 价格:1676 方向:SHORT ADX:82 +DI:4 -DI:42
[18:56:02] ── 价格:1674 方向:SHORT ADX:82 +DI:4 -DI:42
[18:58:19] ══════ BTC自动交易 启动 (币安 20x) ══════
[18:58:19] ══════ BTC自动交易 启动 (币安 20x) ══════
[18:58:19] 品种: ETH/USDT:USDT  仓位: 0.15 ETH  轮询: 300s
[18:58:19] 品种: ETH/USDT:USDT  仓位: 0.15 ETH  轮询: 300s
[18:58:23] ── 价格:1674 方向:SHORT ADX:82 +DI:4 -DI:42
[18:58:23] ── 价格:1674 方向:SHORT ADX:82 +DI:4 -DI:42
[18:59:33] ══════ BTC自动交易 启动 (币安 20x) ══════
[18:59:33] ══════ BTC自动交易 启动 (币安 20x) ══════
[18:59:33] 品种: ETH/USDT:USDT  仓位: 0.15 ETH  轮询: 300s
[18:59:33] 品种: ETH/USDT:USDT  仓位: 0.15 ETH  轮询: 300s
[18:59:36] ── 价格:1675 方向:SHORT ADX:82 +DI:4 -DI:42
[18:59:36] ── 价格:1675 方向:SHORT ADX:82 +DI:4 -DI:42
  File "/root/zidongjiaoyi/eth_bnb_auto.py", line 785
    current_tp = 0
    ^
IndentationError: expected an indented block after 'try' statement on line 783
[19:02:43] ══════ BTC自动交易 启动 (币安 20x) ══════
[19:02:43] ══════ BTC自动交易 启动 (币安 20x) ══════
[19:02:43] 品种: ETH/USDT:USDT  仓位: 0.15 ETH  轮询: 300s
[19:02:43] 品种: ETH/USDT:USDT  仓位: 0.15 ETH  轮询: 300s
[19:02:46] ── 价格:1673 方向:SHORT ADX:82 +DI:4 -DI:42
[19:02:46] ── 价格:1673 方向:SHORT ADX:82 +DI:4 -DI:42
[19:07:46] ── 价格:1672 方向:SHORT ADX:82 +DI:4 -DI:42
[19:07:46] ── 价格:1672 方向:SHORT ADX:82 +DI:4 -DI:42
[19:09:38] ══════ BTC自动交易 启动 (币安 20x) ══════
[19:09:38] ══════ BTC自动交易 启动 (币安 20x) ══════
[19:09:38] 品种: ETH/USDT:USDT  仓位: 0.15 ETH  轮询: 300s
[19:09:38] 品种: ETH/USDT:USDT  仓位: 0.15 ETH  轮询: 300s
[19:09:42] ── 价格:1670 方向:SHORT ADX:82 +DI:4 -DI:42
[19:09:42] ── 价格:1670 方向:SHORT ADX:82 +DI:4 -DI:42
[19:14:42] ── 价格:1670 方向:SHORT ADX:82 +DI:4 -DI:42
[19:14:42] ── 价格:1670 方向:SHORT ADX:82 +DI:4 -DI:42
[19:19:42] ── 价格:1675 方向:SHORT ADX:82 +DI:4 -DI:42
[19:19:42] ── 价格:1675 方向:SHORT ADX:82 +DI:4 -DI:42
[19:24:42] ── 价格:1672 方向:SHORT ADX:82 +DI:4 -DI:42
[19:24:42] ── 价格:1672 方向:SHORT ADX:82 +DI:4 -DI:42
[19:29:42] ── 价格:1677 方向:SHORT ADX:82 +DI:4 -DI:42
[19:29:42] ── 价格:1677 方向:SHORT ADX:82 +DI:4 -DI:42
[19:34:42] ── 价格:1674 方向:SHORT ADX:82 +DI:4 -DI:42
[19:34:42] ── 价格:1674 方向:SHORT ADX:82 +DI:4 -DI:42
[19:39:42] ── 价格:1673 方向:SHORT ADX:82 +DI:4 -DI:42
[19:39:42] ── 价格:1673 方向:SHORT ADX:82 +DI:4 -DI:42
[19:44:42] ── 价格:1667 方向:SHORT ADX:82 +DI:4 -DI:42
[19:44:42] ── 价格:1667 方向:SHORT ADX:82 +DI:4 -DI:42
[19:49:42] ── 价格:1668 方向:SHORT ADX:82 +DI:4 -DI:42
[19:49:42] ── 价格:1668 方向:SHORT ADX:82 +DI:4 -DI:42
[19:54:42] ── 价格:1664 方向:SHORT ADX:82 +DI:4 -DI:42
[19:54:42] ── 价格:1664 方向:SHORT ADX:82 +DI:4 -DI:42
[19:59:42] ── 价格:1663 方向:SHORT ADX:82 +DI:4 -DI:42
[19:59:42] ── 价格:1663 方向:SHORT ADX:82 +DI:4 -DI:42
[20:04:42]   信号过滤: 缩量(vol=67012 < 0.8xMA20=1417006) → 观望
[20:04:42]   信号过滤: 缩量(vol=67012 < 0.8xMA20=1417006) → 观望
[20:04:42] ── 价格:1654 方向:观望 ADX:83 +DI:3 -DI:45
[20:04:42] ── 价格:1654 方向:观望 ADX:83 +DI:3 -DI:45
[20:04:42] 方向消失 → 撤限价单: 8389766197834684649
[20:04:42] 方向消失 → 撤限价单: 8389766197834684649
[20:09:42]   信号过滤: 缩量(vol=129823 < 0.8xMA20=1420146) → 观望
[20:09:42]   信号过滤: 缩量(vol=129823 < 0.8xMA20=1420146) → 观望
[20:09:42] ── 价格:1660 方向:观望 ADX:83 +DI:3 -DI:45
[20:09:42] ── 价格:1660 方向:观望 ADX:83 +DI:3 -DI:45
[20:14:42]   信号过滤: 缩量(vol=158478 < 0.8xMA20=1421579) → 观望
[20:14:42]   信号过滤: 缩量(vol=158478 < 0.8xMA20=1421579) → 观望
[20:14:42] ── 价格:1661 方向:观望 ADX:83 +DI:3 -DI:45
[20:14:42] ── 价格:1661 方向:观望 ADX:83 +DI:3 -DI:45
[20:19:42]   信号过滤: 缩量(vol=181606 < 0.8xMA20=1422736) → 观望
[20:19:42]   信号过滤: 缩量(vol=181606 < 0.8xMA20=1422736) → 观望
[20:19:42] ── 价格:1666 方向:观望 ADX:83 +DI:3 -DI:45
[20:19:42] ── 价格:1666 方向:观望 ADX:83 +DI:3 -DI:45
[20:24:42]   信号过滤: 缩量(vol=207456 < 0.8xMA20=1424028) → 观望
[20:24:42]   信号过滤: 缩量(vol=207456 < 0.8xMA20=1424028) → 观望
[20:24:42] ── 价格:1670 方向:观望 ADX:83 +DI:3 -DI:45
[20:24:42] ── 价格:1670 方向:观望 ADX:83 +DI:3 -DI:45
[20:29:42]   信号过滤: 缩量(vol=227958 < 0.8xMA20=1425053) → 观望
[20:29:42]   信号过滤: 缩量(vol=227958 < 0.8xMA20=1425053) → 观望
[20:29:42] ── 价格:1661 方向:观望 ADX:83 +DI:3 -DI:45
[20:29:42] ── 价格:1661 方向:观望 ADX:83 +DI:3 -DI:45
[20:34:42]   信号过滤: 缩量(vol=335436 < 0.8xMA20=1430427) → 观望
[20:34:42]   信号过滤: 缩量(vol=335436 < 0.8xMA20=1430427) → 观望
[20:34:42] ── 价格:1653 方向:观望 ADX:83 +DI:3 -DI:45
[20:34:42] ── 价格:1653 方向:观望 ADX:83 +DI:3 -DI:45
[20:39:42]   信号过滤: 缩量(vol=404385 < 0.8xMA20=1433875) → 观望
[20:39:42]   信号过滤: 缩量(vol=404385 < 0.8xMA20=1433875) → 观望
[20:39:42] ── 价格:1656 方向:观望 ADX:83 +DI:3 -DI:45
[20:39:42] ── 价格:1656 方向:观望 ADX:83 +DI:3 -DI:45
[20:44:42]   信号过滤: 缩量(vol=431360 < 0.8xMA20=1435223) → 观望
[20:44:42]   信号过滤: 缩量(vol=431360 < 0.8xMA20=1435223) → 观望
[20:44:42] ── 价格:1656 方向:观望 ADX:83 +DI:3 -DI:45
[20:44:42] ── 价格:1656 方向:观望 ADX:83 +DI:3 -DI:45
[20:49:42]   信号过滤: 缩量(vol=445604 < 0.8xMA20=1435936) → 观望
[20:49:42]   信号过滤: 缩量(vol=445604 < 0.8xMA20=1435936) → 观望
[20:49:42] ── 价格:1654 方向:观望 ADX:83 +DI:3 -DI:45
[20:49:42] ── 价格:1654 方向:观望 ADX:83 +DI:3 -DI:45
[20:54:42]   信号过滤: 缩量(vol=470137 < 0.8xMA20=1437162) → 观望
[20:54:42]   信号过滤: 缩量(vol=470137 < 0.8xMA20=1437162) → 观望
[20:54:42] ── 价格:1654 方向:观望 ADX:83 +DI:3 -DI:45
[20:54:42] ── 价格:1654 方向:观望 ADX:83 +DI:3 -DI:45
[20:59:42]   信号过滤: 缩量(vol=483820 < 0.8xMA20=1437846) → 观望
[20:59:42]   信号过滤: 缩量(vol=483820 < 0.8xMA20=1437846) → 观望
[20:59:42] ── 价格:1655 方向:观望 ADX:83 +DI:3 -DI:45
[20:59:42] ── 价格:1655 方向:观望 ADX:83 +DI:3 -DI:45
[21:04:42]   信号过滤: 缩量(vol=522035 < 0.8xMA20=1439757) → 观望
[21:04:42]   信号过滤: 缩量(vol=522035 < 0.8xMA20=1439757) → 观望
[21:04:42] ── 价格:1666 方向:观望 ADX:83 +DI:3 -DI:45
[21:04:42] ── 价格:1666 方向:观望 ADX:83 +DI:3 -DI:45
[21:09:42]   信号过滤: 缩量(vol=561981 < 0.8xMA20=1441754) → 观望
[21:09:42]   信号过滤: 缩量(vol=561981 < 0.8xMA20=1441754) → 观望
[21:09:42] ── 价格:1666 方向:观望 ADX:83 +DI:3 -DI:45
[21:09:42] ── 价格:1666 方向:观望 ADX:83 +DI:3 -DI:45
[21:14:42]   信号过滤: 缩量(vol=580702 < 0.8xMA20=1442690) → 观望
[21:14:42]   信号过滤: 缩量(vol=580702 < 0.8xMA20=1442690) → 观望
[21:14:42] ── 价格:1667 方向:观望 ADX:83 +DI:3 -DI:45
[21:14:42] ── 价格:1667 方向:观望 ADX:83 +DI:3 -DI:45
[21:19:42]   信号过滤: 缩量(vol=602304 < 0.8xMA20=1443771) → 观望
[21:19:42]   信号过滤: 缩量(vol=602304 < 0.8xMA20=1443771) → 观望
[21:19:42] ── 价格:1667 方向:观望 ADX:83 +DI:3 -DI:45
[21:19:42] ── 价格:1667 方向:观望 ADX:83 +DI:3 -DI:45
[21:24:42]   信号过滤: 缩量(vol=647527 < 0.8xMA20=1446032) → 观望
[21:24:42]   信号过滤: 缩量(vol=647527 < 0.8xMA20=1446032) → 观望
[21:24:42] ── 价格:1667 方向:观望 ADX:83 +DI:3 -DI:45
[21:24:42] ── 价格:1667 方向:观望 ADX:83 +DI:3 -DI:45
[21:29:42]   信号过滤: 缩量(vol=674053 < 0.8xMA20=1447358) → 观望
[21:29:42]   信号过滤: 缩量(vol=674053 < 0.8xMA20=1447358) → 观望
[21:29:42] ── 价格:1665 方向:观望 ADX:83 +DI:3 -DI:45
[21:29:42] ── 价格:1665 方向:观望 ADX:83 +DI:3 -DI:45
[21:34:42]   信号过滤: 缩量(vol=727284 < 0.8xMA20=1450020) → 观望
[21:34:42]   信号过滤: 缩量(vol=727284 < 0.8xMA20=1450020) → 观望
[21:34:42] ── 价格:1676 方向:观望 ADX:83 +DI:3 -DI:45
[21:34:42] ── 价格:1676 方向:观望 ADX:83 +DI:3 -DI:45
[21:39:42]   信号过滤: 缩量(vol=770684 < 0.8xMA20=1452190) → 观望
[21:39:42]   信号过滤: 缩量(vol=770684 < 0.8xMA20=1452190) → 观望
[21:39:42] ── 价格:1661 方向:观望 ADX:83 +DI:3 -DI:45
[21:39:42] ── 价格:1661 方向:观望 ADX:83 +DI:3 -DI:45
[21:44:42]   信号过滤: 缩量(vol=832435 < 0.8xMA20=1455277) → 观望
[21:44:42]   信号过滤: 缩量(vol=832435 < 0.8xMA20=1455277) → 观望
[21:44:42] ── 价格:1652 方向:观望 ADX:83 +DI:3 -DI:45
[21:44:42] ── 价格:1652 方向:观望 ADX:83 +DI:3 -DI:45
[21:49:42]   信号过滤: 缩量(vol=908041 < 0.8xMA20=1459057) → 观望
[21:49:42]   信号过滤: 缩量(vol=908041 < 0.8xMA20=1459057) → 观望
[21:49:42] ── 价格:1640 方向:观望 ADX:83 +DI:3 -DI:45
[21:49:42] ── 价格:1640 方向:观望 ADX:83 +DI:3 -DI:45
[21:54:42]   信号过滤: 缩量(vol=1074628 < 0.8xMA20=1467387) → 观望
[21:54:42]   信号过滤: 缩量(vol=1074628 < 0.8xMA20=1467387) → 观望
[21:54:42] ── 价格:1631 方向:观望 ADX:83 +DI:3 -DI:46
[21:54:42] ── 价格:1631 方向:观望 ADX:83 +DI:3 -DI:46
[21:59:42]   信号过滤: 缩量(vol=1298018 < 0.8xMA20=1478556) → 观望
[21:59:42]   信号过滤: 缩量(vol=1298018 < 0.8xMA20=1478556) → 观望
[21:59:42] ── 价格:1617 方向:观望 ADX:83 +DI:2 -DI:47
[21:59:42] ── 价格:1617 方向:观望 ADX:83 +DI:2 -DI:47
[22:04:42]   信号过滤: 缩量(vol=1483816 < 0.8xMA20=1487846) → 观望
[22:04:42]   信号过滤: 缩量(vol=1483816 < 0.8xMA20=1487846) → 观望
[22:04:42] ── 价格:1605 方向:观望 ADX:83 +DI:2 -DI:48
[22:04:42] ── 价格:1605 方向:观望 ADX:83 +DI:2 -DI:48
[22:09:42]   信号过滤: 缩量(vol=1763593 < 0.8xMA20=1501835) → 观望
[22:09:42]   信号过滤: 缩量(vol=1763593 < 0.8xMA20=1501835) → 观望
[22:09:42] ── 价格:1616 方向:观望 ADX:83 +DI:2 -DI:49
[22:09:42] ── 价格:1616 方向:观望 ADX:83 +DI:2 -DI:49
[22:14:42]   信号过滤: 缩量(vol=1859279 < 0.8xMA20=1506619) → 观望
[22:14:42]   信号过滤: 缩量(vol=1859279 < 0.8xMA20=1506619) → 观望
[22:14:42] ── 价格:1612 方向:观望 ADX:83 +DI:2 -DI:49
[22:14:42] ── 价格:1612 方向:观望 ADX:83 +DI:2 -DI:49
[22:19:42]   信号过滤: 缩量(vol=1931694 < 0.8xMA20=1510240) → 观望
[22:19:42]   信号过滤: 缩量(vol=1931694 < 0.8xMA20=1510240) → 观望
[22:19:42] ── 价格:1614 方向:观望 ADX:83 +DI:2 -DI:49
[22:19:42] ── 价格:1614 方向:观望 ADX:83 +DI:2 -DI:49
[22:24:42]   信号过滤: 缩量(vol=1981758 < 0.8xMA20=1512743) → 观望
[22:24:42]   信号过滤: 缩量(vol=1981758 < 0.8xMA20=1512743) → 观望
[22:24:42] ── 价格:1603 方向:观望 ADX:83 +DI:2 -DI:49
[22:24:42] ── 价格:1603 方向:观望 ADX:83 +DI:2 -DI:49
[22:29:42]   信号过滤: 缩量(vol=2071158 < 0.8xMA20=1517213) → 观望
[22:29:42]   信号过滤: 缩量(vol=2071158 < 0.8xMA20=1517213) → 观望
[22:29:42] ── 价格:1600 方向:观望 ADX:83 +DI:2 -DI:49
[22:29:42] ── 价格:1600 方向:观望 ADX:83 +DI:2 -DI:49
[22:34:42]   信号过滤: 缩量(vol=2140718 < 0.8xMA20=1520691) → 观望
[22:34:42]   信号过滤: 缩量(vol=2140718 < 0.8xMA20=1520691) → 观望
[22:34:42] ── 价格:1601 方向:观望 ADX:83 +DI:2 -DI:49
[22:34:42] ── 价格:1601 方向:观望 ADX:83 +DI:2 -DI:49
[22:39:42]   信号过滤: 缩量(vol=2249189 < 0.8xMA20=1526115) → 观望
[22:39:42]   信号过滤: 缩量(vol=2249189 < 0.8xMA20=1526115) → 观望
[22:39:42] ── 价格:1612 方向:观望 ADX:83 +DI:2 -DI:49
[22:39:42] ── 价格:1612 方向:观望 ADX:83 +DI:2 -DI:49
[22:44:42]   信号过滤: 缩量(vol=2339841 < 0.8xMA20=1530647) → 观望
[22:44:42]   信号过滤: 缩量(vol=2339841 < 0.8xMA20=1530647) → 观望
[22:44:42] ── 价格:1605 方向:观望 ADX:83 +DI:2 -DI:49
[22:44:42] ── 价格:1605 方向:观望 ADX:83 +DI:2 -DI:49
[22:49:42]   信号过滤: 缩量(vol=2400300 < 0.8xMA20=1533670) → 观望
[22:49:42]   信号过滤: 缩量(vol=2400300 < 0.8xMA20=1533670) → 观望
[22:49:42] ── 价格:1603 方向:观望 ADX:83 +DI:2 -DI:49
[22:49:42] ── 价格:1603 方向:观望 ADX:83 +DI:2 -DI:49
[22:54:42]   信号过滤: 缩量(vol=2459163 < 0.8xMA20=1536613) → 观望
[22:54:42]   信号过滤: 缩量(vol=2459163 < 0.8xMA20=1536613) → 观望
[22:54:42] ── 价格:1600 方向:观望 ADX:83 +DI:2 -DI:49
[22:54:42] ── 价格:1600 方向:观望 ADX:83 +DI:2 -DI:49
[22:59:42]   信号过滤: 缩量(vol=2523138 < 0.8xMA20=1539812) → 观望
[22:59:42]   信号过滤: 缩量(vol=2523138 < 0.8xMA20=1539812) → 观望
[22:59:42] ── 价格:1600 方向:观望 ADX:83 +DI:2 -DI:49
[22:59:42] ── 价格:1600 方向:观望 ADX:83 +DI:2 -DI:49
[23:04:42]   信号过滤: 缩量(vol=2661946 < 0.8xMA20=1546753) → 观望
[23:04:42]   信号过滤: 缩量(vol=2661946 < 0.8xMA20=1546753) → 观望
[23:04:42] ── 价格:1598 方向:观望 ADX:83 +DI:2 -DI:49
[23:04:42] ── 价格:1598 方向:观望 ADX:83 +DI:2 -DI:49
[23:08:44] ══════ BTC自动交易 启动 (币安 20x) ══════
[23:08:44] 品种: ETH/USDT:USDT  仓位: 0.15 ETH  轮询: 300s
[23:08:48]   信号过滤: 缩量(vol=2710303 < 0.8xMA20=1549170) → 观望
[23:08:48] ── 价格:1592 方向:观望 ADX:83 +DI:2 -DI:49
[23:09:11] ══════ BTC自动交易 启动 (币安 20x) ══════
[23:09:11] ══════ BTC自动交易 启动 (币安 20x) ══════
[23:09:11] 品种: ETH/USDT:USDT  仓位: 0.15 ETH  轮询: 300s
[23:09:11] 品种: ETH/USDT:USDT  仓位: 0.15 ETH  轮询: 300s
[23:09:15]   信号过滤: 缩量(vol=2719587 < 0.8xMA20=1549635) → 观望
[23:09:15]   信号过滤: 缩量(vol=2719587 < 0.8xMA20=1549635) → 观望
[23:09:15] ── 价格:1586 方向:观望 ADX:83 +DI:2 -DI:49
[23:09:15] ── 价格:1586 方向:观望 ADX:83 +DI:2 -DI:49
[23:14:15]   信号过滤: 缩量(vol=2869658 < 0.8xMA20=1557138) → 观望
[23:14:15]   信号过滤: 缩量(vol=2869658 < 0.8xMA20=1557138) → 观望
[23:14:15] ── 价格:1581 方向:观望 ADX:83 +DI:2 -DI:49
[23:14:15] ── 价格:1581 方向:观望 ADX:83 +DI:2 -DI:49
[23:19:15]   信号过滤: 缩量(vol=2946926 < 0.8xMA20=1561002) → 观望
[23:19:15]   信号过滤: 缩量(vol=2946926 < 0.8xMA20=1561002) → 观望
[23:19:15] ── 价格:1591 方向:观望 ADX:83 +DI:2 -DI:49
[23:19:15] ── 价格:1591 方向:观望 ADX:83 +DI:2 -DI:49
[23:24:15]   信号过滤: 缩量(vol=2994978 < 0.8xMA20=1563404) → 观望
[23:24:15]   信号过滤: 缩量(vol=2994978 < 0.8xMA20=1563404) → 观望
[23:24:15] ── 价格:1595 方向:观望 ADX:83 +DI:2 -DI:49
[23:24:15] ── 价格:1595 方向:观望 ADX:83 +DI:2 -DI:49
[23:29:15]   信号过滤: 缩量(vol=3065370 < 0.8xMA20=1566924) → 观望
[23:29:15]   信号过滤: 缩量(vol=3065370 < 0.8xMA20=1566924) → 观望
[23:29:15] ── 价格:1592 方向:观望 ADX:83 +DI:2 -DI:49
[23:29:15] ── 价格:1592 方向:观望 ADX:83 +DI:2 -DI:49
[23:34:15]   信号过滤: 缩量(vol=3122609 < 0.8xMA20=1569786) → 观望
[23:34:15]   信号过滤: 缩量(vol=3122609 < 0.8xMA20=1569786) → 观望
[23:34:15] ── 价格:1587 方向:观望 ADX:83 +DI:2 -DI:49
[23:34:15] ── 价格:1587 方向:观望 ADX:83 +DI:2 -DI:49
[23:39:15]   信号过滤: 缩量(vol=3186120 < 0.8xMA20=1572961) → 观望
[23:39:15]   信号过滤: 缩量(vol=3186120 < 0.8xMA20=1572961) → 观望
[23:39:15] ── 价格:1583 方向:观望 ADX:83 +DI:2 -DI:49
[23:39:15] ── 价格:1583 方向:观望 ADX:83 +DI:2 -DI:49
[23:44:15]   信号过滤: 缩量(vol=3331585 < 0.8xMA20=1580235) → 观望
[23:44:15]   信号过滤: 缩量(vol=3331585 < 0.8xMA20=1580235) → 观望
[23:44:15] ── 价格:1584 方向:观望 ADX:83 +DI:2 -DI:50
[23:44:15] ── 价格:1584 方向:观望 ADX:83 +DI:2 -DI:50
[23:49:15]   信号过滤: 缩量(vol=3385072 < 0.8xMA20=1582909) → 观望
[23:49:15]   信号过滤: 缩量(vol=3385072 < 0.8xMA20=1582909) → 观望
[23:49:15] ── 价格:1578 方向:观望 ADX:83 +DI:2 -DI:50
[23:49:15] ── 价格:1578 方向:观望 ADX:83 +DI:2 -DI:50
[23:54:15]   信号过滤: 缩量(vol=3441677 < 0.8xMA20=1585739) → 观望
[23:54:15]   信号过滤: 缩量(vol=3441677 < 0.8xMA20=1585739) → 观望
[23:54:15] ── 价格:1584 方向:观望 ADX:83 +DI:2 -DI:50
[23:54:15] ── 价格:1584 方向:观望 ADX:83 +DI:2 -DI:50
[23:59:15]   信号过滤: 缩量(vol=3468139 < 0.8xMA20=1587062) → 观望
[23:59:15]   信号过滤: 缩量(vol=3468139 < 0.8xMA20=1587062) → 观望
[23:59:15] ── 价格:1583 方向:观望 ADX:83 +DI:2 -DI:50
[23:59:15] ── 价格:1583 方向:观望 ADX:83 +DI:2 -DI:50
[00:04:15]   信号过滤: RSI极值(1h RSI=21) → 观望
[00:04:15]   信号过滤: RSI极值(1h RSI=21) → 观望
[00:04:15] ── 价格:1573 方向:观望 ADX:84 +DI:1 -DI:51
[00:04:15] ── 价格:1573 方向:观望 ADX:84 +DI:1 -DI:51
[00:07:24] ══════ BTC自动交易 启动 (币安 20x) ══════
[00:07:24] ══════ BTC自动交易 启动 (币安 20x) ══════
[00:07:24] 品种: ETH/USDT:USDT  仓位: 0.15 ETH  轮询: 300s
[00:07:24] 品种: ETH/USDT:USDT  仓位: 0.15 ETH  轮询: 300s
[00:07:28]   信号过滤: RSI极值(1h RSI=21) → 观望
[00:07:28]   信号过滤: RSI极值(1h RSI=21) → 观望
[00:07:28] ── 价格:1577 方向:观望 ADX:84 +DI:1 -DI:51
[00:07:28] ── 价格:1577 方向:观望 ADX:84 +DI:1 -DI:51
[00:47:26]   信号过滤: RSI极值(1h RSI=22) → 观望
[00:47:26] ── 价格:1585 方向:观望 ADX:84 +DI:1 -DI:51
