[02:07:31] 🚀 BTC自动交易启动 v2.1 | 10秒周期 | 20x | 0.015 BTC
[02:07:31] v2.1优化: ADX>25过滤 | 放量确认(>1.5x) | 动态止盈 | 连续亏损保护(3次停30分钟)
[02:07:31] ⚠️ 当前连续亏损: 3次
[02:07:31] ⚠️ 检测到持仓: long @ $75,137.40

╔══════════════════════════════════════════════════════════════╗
║  BTC AUTO-TRADE  02:07:33                        ║
╠══════════════════════════════════════════════════════════════╣
║  💰    74,699.10  |  ATR:    424  |  %b: 0.090 🟢超卖       ║
╠══════════════════════════════════════════════════════════════╣
║  4h: 📉  |  1d: 📉  |  RSI: 🟢26.5        ║
╠══════════════════════════════════════════════════════════════╣
║  📊 持仓: LONG @ $75,137  |  📉-0.58%              ║
║  📌 SL: $73,635  TP: $77,016    ║
╠══════════════════════════════════════════════════════════════╣
║  🎯 【做多-v2.2】大周期空头+5m超卖反弹
理由: 4h+1d均线空头,价格跌至布林下轨偏离-0.2%
║
╚══════════════════════════════════════════════════════════════╝

╔══════════════════════════════════════════════════════════════╗
║  BTC AUTO-TRADE  02:07:44                        ║
╠══════════════════════════════════════════════════════════════╣
║  💰    74,687.90  |  ATR:    424  |  %b: 0.082 🟢超卖       ║
╠══════════════════════════════════════════════════════════════╣
║  4h: 📉  |  1d: 📉  |  RSI: 🟢25.8        ║
╠══════════════════════════════════════════════════════════════╣
║  📊 持仓: LONG @ $75,137  |  📉-0.60%              ║
║  📌 SL: $73,635  TP: $77,016    ║
╠══════════════════════════════════════════════════════════════╣
║  🎯 【做多-v2.2】大周期空头+5m超卖反弹
理由: 4h+1d均线空头,价格跌至布林下轨偏离-0.2%
║
╚══════════════════════════════════════════════════════════════╝

╔══════════════════════════════════════════════════════════════╗
║  BTC AUTO-TRADE  02:07:54                        ║
╠══════════════════════════════════════════════════════════════╣
║  💰    74,662.30  |  ATR:    424  |  %b: 0.064 🟢超卖       ║
╠══════════════════════════════════════════════════════════════╣
║  4h: 📉  |  1d: 📉  |  RSI: 🟢24.1        ║
╠══════════════════════════════════════════════════════════════╣
║  📊 持仓: LONG @ $75,137  |  📉-0.63%              ║
║  📌 SL: $73,635  TP: $77,016    ║
╠══════════════════════════════════════════════════════════════╣
║  🎯 【做多-v2.2】大周期空头+5m超卖反弹
理由: 4h+1d均线空头,价格跌至布林下轨偏离-0.2%
║
╚══════════════════════════════════════════════════════════════╝

╔══════════════════════════════════════════════════════════════╗
║  BTC AUTO-TRADE  02:08:05                        ║
╠══════════════════════════════════════════════════════════════╣
║  💰    74,669.90  |  ATR:    424  |  %b: 0.069 🟢超卖       ║
╠══════════════════════════════════════════════════════════════╣
║  4h: 📉  |  1d: 📉  |  RSI: 🟢24.6        ║
╠══════════════════════════════════════════════════════════════╣
║  📊 持仓: LONG @ $75,137  |  📉-0.62%              ║
║  📌 SL: $73,635  TP: $77,016    ║
╠══════════════════════════════════════════════════════════════╣
║  🎯 【做多-v2.2】大周期空头+5m超卖反弹
理由: 4h+1d均线空头,价格跌至布林下轨偏离-0.2%
║
╚══════════════════════════════════════════════════════════════╝

╔══════════════════════════════════════════════════════════════╗
║  BTC AUTO-TRADE  02:08:15                        ║
╠══════════════════════════════════════════════════════════════╣
║  💰    74,692.80  |  ATR:    424  |  %b: 0.085 🟢超卖       ║
╠══════════════════════════════════════════════════════════════╣
║  4h: 📉  |  1d: 📉  |  RSI: 🟢26.1        ║
╠══════════════════════════════════════════════════════════════╣
║  📊 持仓: LONG @ $75,137  |  📉-0.59%              ║
║  📌 SL: $73,635  TP: $77,016    ║
╠══════════════════════════════════════════════════════════════╣
║  🎯 【做多-v2.2】大周期空头+5m超卖反弹
理由: 4h+1d均线空头,价格跌至布林下轨偏离-0.2%
║
╚══════════════════════════════════════════════════════════════╝

╔══════════════════════════════════════════════════════════════╗
║  BTC AUTO-TRADE  02:08:26                        ║
╠══════════════════════════════════════════════════════════════╣
║  💰    74,715.20  |  ATR:    424  |  %b: 0.102 🟢超卖       ║
╠══════════════════════════════════════════════════════════════╣
║  4h: 📉  |  1d: 📉  |  RSI: 🟢27.5        ║
╠══════════════════════════════════════════════════════════════╣
║  📊 持仓: LONG @ $75,137  |  📉-0.56%              ║
║  📌 SL: $73,635  TP: $77,016    ║
╠══════════════════════════════════════════════════════════════╣
║  🎯 【做多-v2.2】大周期空头+5m超卖反弹
理由: 4h+1d均线空头,价格跌至布林下轨偏离-0.2%
║
╚══════════════════════════════════════════════════════════════╝

╔══════════════════════════════════════════════════════════════╗
║  BTC AUTO-TRADE  02:08:36                        ║
╠══════════════════════════════════════════════════════════════╣
║  💰    74,726.60  |  ATR:    424  |  %b: 0.110 🟢超卖       ║
╠══════════════════════════════════════════════════════════════╣
║  4h: 📉  |  1d: 📉  |  RSI: 🟢28.2        ║
╠══════════════════════════════════════════════════════════════╣
║  📊 持仓: LONG @ $75,137  |  📉-0.55%              ║
║  📌 SL: $73,635  TP: $77,016    ║
╠══════════════════════════════════════════════════════════════╣
║  🎯 【做多-v2.2】大周期空头+5m超卖反弹
理由: 4h+1d均线空头,价格跌至布林下轨偏离-0.2%
║
╚══════════════════════════════════════════════════════════════╝

╔══════════════════════════════════════════════════════════════╗
║  BTC AUTO-TRADE  02:08:47                        ║
╠══════════════════════════════════════════════════════════════╣
║  💰    74,711.70  |  ATR:    424  |  %b: 0.099 🟢超卖       ║
╠══════════════════════════════════════════════════════════════╣
║  4h: 📉  |  1d: 📉  |  RSI: 🟢27.3        ║
╠══════════════════════════════════════════════════════════════╣
║  📊 持仓: LONG @ $75,137  |  📉-0.57%              ║
║  📌 SL: $73,635  TP: $77,016    ║
╠══════════════════════════════════════════════════════════════╣
║  🎯 【做多-v2.2】大周期空头+5m超卖反弹
理由: 4h+1d均线空头,价格跌至布林下轨偏离-0.2%
║
╚══════════════════════════════════════════════════════════════╝

╔══════════════════════════════════════════════════════════════╗
║  BTC AUTO-TRADE  02:08:57                        ║
╠══════════════════════════════════════════════════════════════╣
║  💰    74,725.20  |  ATR:    424  |  %b: 0.109 🟢超卖       ║
╠══════════════════════════════════════════════════════════════╣
║  4h: 📉  |  1d: 📉  |  RSI: 🟢28.1        ║
╠══════════════════════════════════════════════════════════════╣
║  📊 持仓: LONG @ $75,137  |  📉-0.55%              ║
║  📌 SL: $73,635  TP: $77,016    ║
╠══════════════════════════════════════════════════════════════╣
║  🎯 【做多-v2.2】大周期空头+5m超卖反弹
理由: 4h+1d均线空头,价格跌至布林下轨偏离-0.2%
║
╚══════════════════════════════════════════════════════════════╝

╔══════════════════════════════════════════════════════════════╗
║  BTC AUTO-TRADE  02:09:07                        ║
╠══════════════════════════════════════════════════════════════╣
║  💰    74,745.60  |  ATR:    424  |  %b: 0.124 🟢超卖       ║
╠══════════════════════════════════════════════════════════════╣
║  4h: 📉  |  1d: 📉  |  RSI: 🟢29.3        ║
╠══════════════════════════════════════════════════════════════╣
║  📊 持仓: LONG @ $75,137  |  📉-0.52%              ║
║  📌 SL: $73,635  TP: $77,016    ║
╠══════════════════════════════════════════════════════════════╣
║  🎯 【做多-v2.2】大周期空头+5m超卖反弹
理由: 4h+1d均线空头,价格跌至布林下轨偏离-0.2%
║
╚══════════════════════════════════════════════════════════════╝

╔══════════════════════════════════════════════════════════════╗
║  BTC AUTO-TRADE  02:09:18                        ║
╠══════════════════════════════════════════════════════════════╣
║  💰    74,758.70  |  ATR:    424  |  %b: 0.134 🟢超卖       ║
╠══════════════════════════════════════════════════════════════╣
║  4h: 📉  |  1d: 📉  |  RSI: ⚖️30.1        ║
╠══════════════════════════════════════════════════════════════╣
║  📊 持仓: LONG @ $75,137  |  📉-0.50%              ║
║  📌 SL: $73,635  TP: $77,016    ║
╠══════════════════════════════════════════════════════════════╣
║  🎯 【做多-v2.2】大周期空头+5m超卖反弹
理由: 4h+1d均线空头,价格跌至布林下轨偏离-0.2%
║
╚══════════════════════════════════════════════════════════════╝

╔══════════════════════════════════════════════════════════════╗
║  BTC AUTO-TRADE  02:09:28                        ║
╠══════════════════════════════════════════════════════════════╣
║  💰    74,800.00  |  ATR:    424  |  %b: 0.165 🟢超卖       ║
╠══════════════════════════════════════════════════════════════╣
║  4h: 📉  |  1d: 📉  |  RSI: ⚖️32.3        ║
╠══════════════════════════════════════════════════════════════╣
║  📊 持仓: LONG @ $75,137  |  📉-0.45%              ║
║  📌 SL: $73,635  TP: $77,016    ║
╠══════════════════════════════════════════════════════════════╣
║  🎯 【做多-v2.2】大周期空头+5m超卖反弹
理由: 4h+1d均线空头,价格跌至布林下轨偏离-0.2%
║
╚══════════════════════════════════════════════════════════════╝

╔══════════════════════════════════════════════════════════════╗
║  BTC AUTO-TRADE  02:09:39                        ║
╠══════════════════════════════════════════════════════════════╣
║  💰    74,788.80  |  ATR:    424  |  %b: 0.157 🟢超卖       ║
╠══════════════════════════════════════════════════════════════╣
║  4h: 📉  |  1d: 📉  |  RSI: ⚖️31.7        ║
╠══════════════════════════════════════════════════════════════╣
║  📊 持仓: LONG @ $75,137  |  📉-0.46%              ║
║  📌 SL: $73,635  TP: $77,016    ║
╠══════════════════════════════════════════════════════════════╣
║  🎯 【做多-v2.2】大周期空头+5m超卖反弹
理由: 4h+1d均线空头,价格跌至布林下轨偏离-0.2%
║
╚══════════════════════════════════════════════════════════════╝

╔══════════════════════════════════════════════════════════════╗
║  BTC AUTO-TRADE  02:09:49                        ║
╠══════════════════════════════════════════════════════════════╣
║  💰    74,824.40  |  ATR:    424  |  %b: 0.185 🟢超卖       ║
╠══════════════════════════════════════════════════════════════╣
║  4h: 📉  |  1d: 📉  |  RSI: ⚖️33.6        ║
╠══════════════════════════════════════════════════════════════╣
║  📊 持仓: LONG @ $75,137  |  📉-0.42%              ║
║  📌 SL: $73,635  TP: $77,016    ║
╠══════════════════════════════════════════════════════════════╣
║  🎯 【做多-v2.2】大周期空头+5m超卖反弹
理由: 4h+1d均线空头,价格跌至布林下轨偏离-0.2%
║
╚══════════════════════════════════════════════════════════════╝

╔══════════════════════════════════════════════════════════════╗
║  BTC AUTO-TRADE  02:10:00                        ║
╠══════════════════════════════════════════════════════════════╣
║  💰    74,843.70  |  ATR:    424  |  %b: 0.200 🟢超卖       ║
╠══════════════════════════════════════════════════════════════╣
║  4h: 📉  |  1d: 📉  |  RSI: ⚖️34.6        ║
╠══════════════════════════════════════════════════════════════╣
║  📊 持仓: LONG @ $75,137  |  📉-0.39%              ║
║  📌 SL: $73,635  TP: $77,016    ║
╠══════════════════════════════════════════════════════════════╣
║  🎯 【做多-v2.2】大周期空头+5m超卖反弹
理由: 4h+1d均线空头,价格跌至布林下轨偏离-0.2%
║
╚══════════════════════════════════════════════════════════════╝

╔══════════════════════════════════════════════════════════════╗
║  BTC AUTO-TRADE  02:10:10                        ║
╠══════════════════════════════════════════════════════════════╣
║  💰    74,832.00  |  ATR:    424  |  %b: 0.214 ⚖️正常       ║
╠══════════════════════════════════════════════════════════════╣
║  4h: 📉  |  1d: 📉  |  RSI: ⚖️34.0        ║
╠══════════════════════════════════════════════════════════════╣
║  📊 持仓: LONG @ $75,137  |  📉-0.41%              ║
║  📌 SL: $73,635  TP: $77,016    ║
╠══════════════════════════════════════════════════════════════╣
║  🎯 【做多-v2.2】大周期空头+5m超卖反弹
理由: 4h+1d均线空头,价格跌至布林下轨偏离-0.2%
║
╚══════════════════════════════════════════════════════════════╝

╔══════════════════════════════════════════════════════════════╗
║  BTC AUTO-TRADE  02:10:21                        ║
╠══════════════════════════════════════════════════════════════╣
║  💰    74,826.80  |  ATR:    426  |  %b: 0.210 ⚖️正常       ║
╠══════════════════════════════════════════════════════════════╣
║  4h: 📉  |  1d: 📉  |  RSI: ⚖️33.9        ║
╠══════════════════════════════════════════════════════════════╣
║  📊 持仓: LONG @ $75,137  |  📉-0.41%              ║
║  📌 SL: $73,635  TP: $77,016    ║
╠══════════════════════════════════════════════════════════════╣
║  🎯 【做多-v2.2】大周期空头+5m超卖反弹
理由: 4h+1d均线空头,价格跌至布林下轨偏离-0.2%
║
╚══════════════════════════════════════════════════════════════╝

╔══════════════════════════════════════════════════════════════╗
║  BTC AUTO-TRADE  02:10:32                        ║
╠══════════════════════════════════════════════════════════════╣
║  💰    74,791.30  |  ATR:    426  |  %b: 0.181 🟢超卖       ║
╠══════════════════════════════════════════════════════════════╣
║  4h: 📉  |  1d: 📉  |  RSI: ⚖️32.9        ║
╠══════════════════════════════════════════════════════════════╣
║  📊 持仓: LONG @ $75,137  |  📉-0.46%              ║
║  📌 SL: $73,635  TP: $77,016    ║
╠══════════════════════════════════════════════════════════════╣
║  🎯 【做多-v2.2】大周期空头+5m超卖反弹
理由: 4h+1d均线空头,价格跌至布林下轨偏离-0.2%
║
╚══════════════════════════════════════════════════════════════╝

╔══════════════════════════════════════════════════════════════╗
║  BTC AUTO-TRADE  02:10:42                        ║
╠══════════════════════════════════════════════════════════════╣
║  💰    74,796.10  |  ATR:    426  |  %b: 0.185 🟢超卖       ║
╠══════════════════════════════════════════════════════════════╣
║  4h: 📉  |  1d: 📉  |  RSI: ⚖️33.1        ║
╠══════════════════════════════════════════════════════════════╣
║  📊 持仓: LONG @ $75,137  |  📉-0.45%              ║
║  📌 SL: $73,635  TP: $77,016    ║
╠══════════════════════════════════════════════════════════════╣
║  🎯 【做多-v2.2】大周期空头+5m超卖反弹
理由: 4h+1d均线空头,价格跌至布林下轨偏离-0.2%
║
╚══════════════════════════════════════════════════════════════╝

╔══════════════════════════════════════════════════════════════╗
║  BTC AUTO-TRADE  02:10:52                        ║
╠══════════════════════════════════════════════════════════════╣
║  💰    74,786.50  |  ATR:    426  |  %b: 0.177 🟢超卖       ║
╠══════════════════════════════════════════════════════════════╣
║  4h: 📉  |  1d: 📉  |  RSI: ⚖️32.8        ║
╠══════════════════════════════════════════════════════════════╣
║  📊 持仓: LONG @ $75,137  |  📉-0.47%              ║
║  📌 SL: $73,635  TP: $77,016    ║
╠══════════════════════════════════════════════════════════════╣
║  🎯 【做多-v2.2】大周期空头+5m超卖反弹
理由: 4h+1d均线空头,价格跌至布林下轨偏离-0.2%
║
╚══════════════════════════════════════════════════════════════╝

╔══════════════════════════════════════════════════════════════╗
║  BTC AUTO-TRADE  02:11:03                        ║
╠══════════════════════════════════════════════════════════════╣
║  💰    74,782.90  |  ATR:    426  |  %b: 0.174 🟢超卖       ║
╠══════════════════════════════════════════════════════════════╣
║  4h: 📉  |  1d: 📉  |  RSI: ⚖️32.7        ║
╠══════════════════════════════════════════════════════════════╣
║  📊 持仓: LONG @ $75,137  |  📉-0.47%              ║
║  📌 SL: $73,635  TP: $77,016    ║
╠══════════════════════════════════════════════════════════════╣
║  🎯 【做多-v2.2】大周期空头+5m超卖反弹
理由: 4h+1d均线空头,价格跌至布林下轨偏离-0.2%
║
╚══════════════════════════════════════════════════════════════╝

╔══════════════════════════════════════════════════════════════╗
║  BTC AUTO-TRADE  02:11:13                        ║
╠══════════════════════════════════════════════════════════════╣
║  💰    74,782.90  |  ATR:    426  |  %b: 0.174 🟢超卖       ║
╠══════════════════════════════════════════════════════════════╣
║  4h: 📉  |  1d: 📉  |  RSI: ⚖️32.7        ║
╠══════════════════════════════════════════════════════════════╣
║  📊 持仓: LONG @ $75,137  |  📉-0.47%              ║
║  📌 SL: $73,635  TP: $77,016    ║
╠══════════════════════════════════════════════════════════════╣
║  🎯 【做多-v2.2】大周期空头+5m超卖反弹
理由: 4h+1d均线空头,价格跌至布林下轨偏离-0.2%
║
╚══════════════════════════════════════════════════════════════╝

╔══════════════════════════════════════════════════════════════╗
║  BTC AUTO-TRADE  02:11:24                        ║
╠══════════════════════════════════════════════════════════════╣
║  💰    74,796.10  |  ATR:    426  |  %b: 0.185 🟢超卖       ║
╠══════════════════════════════════════════════════════════════╣
║  4h: 📉  |  1d: 📉  |  RSI: ⚖️33.1        ║
╠══════════════════════════════════════════════════════════════╣
║  📊 持仓: LONG @ $75,137  |  📉-0.45%              ║
║  📌 SL: $73,635  TP: $77,016    ║
╠══════════════════════════════════════════════════════════════╣
║  🎯 【做多-v2.2】大周期空头+5m超卖反弹
理由: 4h+1d均线空头,价格跌至布林下轨偏离-0.2%
║
╚══════════════════════════════════════════════════════════════╝

╔══════════════════════════════════════════════════════════════╗
║  BTC AUTO-TRADE  02:11:34                        ║
╠══════════════════════════════════════════════════════════════╣
║  💰    74,768.90  |  ATR:    426  |  %b: 0.162 🟢超卖       ║
╠══════════════════════════════════════════════════════════════╣
║  4h: 📉  |  1d: 📉  |  RSI: ⚖️32.4        ║
╠══════════════════════════════════════════════════════════════╣
║  📊 持仓: LONG @ $75,137  |  📉-0.49%              ║
║  📌 SL: $73,635  TP: $77,016    ║
╠══════════════════════════════════════════════════════════════╣
║  🎯 【做多-v2.2】大周期空头+5m超卖反弹
理由: 4h+1d均线空头,价格跌至布林下轨偏离-0.2%
║
╚══════════════════════════════════════════════════════════════╝

╔══════════════════════════════════════════════════════════════╗
║  BTC AUTO-TRADE  02:11:45                        ║
╠══════════════════════════════════════════════════════════════╣
║  💰    74,758.10  |  ATR:    426  |  %b: 0.154 🟢超卖       ║
╠══════════════════════════════════════════════════════════════╣
║  4h: 📉  |  1d: 📉  |  RSI: ⚖️32.1        ║
╠══════════════════════════════════════════════════════════════╣
║  📊 持仓: LONG @ $75,137  |  📉-0.50%              ║
║  📌 SL: $73,635  TP: $77,016    ║
╠══════════════════════════════════════════════════════════════╣
║  🎯 【做多-v2.2】大周期空头+5m超卖反弹
理由: 4h+1d均线空头,价格跌至布林下轨偏离-0.2%
║
╚══════════════════════════════════════════════════════════════╝

╔══════════════════════════════════════════════════════════════╗
║  BTC AUTO-TRADE  02:11:55                        ║
╠══════════════════════════════════════════════════════════════╣
║  💰    74,765.50  |  ATR:    426  |  %b: 0.160 🟢超卖       ║
╠══════════════════════════════════════════════════════════════╣
║  4h: 📉  |  1d: 📉  |  RSI: ⚖️32.3        ║
╠══════════════════════════════════════════════════════════════╣
║  📊 持仓: LONG @ $75,137  |  📉-0.49%              ║
║  📌 SL: $73,635  TP: $77,016    ║
╠══════════════════════════════════════════════════════════════╣
║  🎯 【做多-v2.2】大周期空头+5m超卖反弹
理由: 4h+1d均线空头,价格跌至布林下轨偏离-0.2%
║
╚══════════════════════════════════════════════════════════════╝

╔══════════════════════════════════════════════════════════════╗
║  BTC AUTO-TRADE  02:12:06                        ║
╠══════════════════════════════════════════════════════════════╣
║  💰    74,765.40  |  ATR:    426  |  %b: 0.160 🟢超卖       ║
╠══════════════════════════════════════════════════════════════╣
║  4h: 📉  |  1d: 📉  |  RSI: ⚖️32.3        ║
╠══════════════════════════════════════════════════════════════╣
║  📊 持仓: LONG @ $75,137  |  📉-0.50%              ║
║  📌 SL: $73,635  TP: $77,016    ║
╠══════════════════════════════════════════════════════════════╣
║  🎯 【做多-v2.2】大周期空头+5m超卖反弹
理由: 4h+1d均线空头,价格跌至布林下轨偏离-0.2%
║
╚══════════════════════════════════════════════════════════════╝

╔══════════════════════════════════════════════════════════════╗
║  BTC AUTO-TRADE  02:12:16                        ║
╠══════════════════════════════════════════════════════════════╣
║  💰    74,795.90  |  ATR:    426  |  %b: 0.184 🟢超卖       ║
╠══════════════════════════════════════════════════════════════╣
║  4h: 📉  |  1d: 📉  |  RSI: ⚖️33.1        ║
╠══════════════════════════════════════════════════════════════╣
║  📊 持仓: LONG @ $75,137  |  📉-0.45%              ║
║  📌 SL: $73,635  TP: $77,016    ║
╠══════════════════════════════════════════════════════════════╣
║  🎯 【做多-v2.2】大周期空头+5m超卖反弹
理由: 4h+1d均线空头,价格跌至布林下轨偏离-0.2%
║
╚══════════════════════════════════════════════════════════════╝

╔══════════════════════════════════════════════════════════════╗
║  BTC AUTO-TRADE  02:12:27                        ║
╠══════════════════════════════════════════════════════════════╣
║  💰    74,810.90  |  ATR:    426  |  %b: 0.197 🟢超卖       ║
╠══════════════════════════════════════════════════════════════╣
║  4h: 📉  |  1d: 📉  |  RSI: ⚖️33.5        ║
╠══════════════════════════════════════════════════════════════╣
║  📊 持仓: LONG @ $75,137  |  📉-0.43%              ║
║  📌 SL: $73,635  TP: $77,016    ║
╠══════════════════════════════════════════════════════════════╣
║  🎯 【做多-v2.2】大周期空头+5m超卖反弹
理由: 4h+1d均线空头,价格跌至布林下轨偏离-0.2%
║
╚══════════════════════════════════════════════════════════════╝

╔══════════════════════════════════════════════════════════════╗
║  BTC AUTO-TRADE  02:12:37                        ║
╠══════════════════════════════════════════════════════════════╣
║  💰    74,820.00  |  ATR:    426  |  %b: 0.204 ⚖️正常       ║
╠══════════════════════════════════════════════════════════════╣
║  4h: 📉  |  1d: 📉  |  RSI: ⚖️33.7        ║
╠══════════════════════════════════════════════════════════════╣
║  📊 持仓: LONG @ $75,137  |  📉-0.42%              ║
║  📌 SL: $73,635  TP: $77,016    ║
╠══════════════════════════════════════════════════════════════╣
║  🎯 【做多-v2.2】大周期空头+5m超卖反弹
理由: 4h+1d均线空头,价格跌至布林下轨偏离-0.2%
║
╚══════════════════════════════════════════════════════════════╝

╔══════════════════════════════════════════════════════════════╗
║  BTC AUTO-TRADE  02:12:48                        ║
╠══════════════════════════════════════════════════════════════╣
║  💰    74,820.00  |  ATR:    426  |  %b: 0.204 ⚖️正常       ║
╠══════════════════════════════════════════════════════════════╣
║  4h: 📉  |  1d: 📉  |  RSI: ⚖️33.7        ║
╠══════════════════════════════════════════════════════════════╣
║  📊 持仓: LONG @ $75,137  |  📉-0.42%              ║
║  📌 SL: $73,635  TP: $77,016    ║
╠══════════════════════════════════════════════════════════════╣
║  🎯 【做多-v2.2】大周期空头+5m超卖反弹
理由: 4h+1d均线空头,价格跌至布林下轨偏离-0.2%
║
╚══════════════════════════════════════════════════════════════╝

╔══════════════════════════════════════════════════════════════╗
║  BTC AUTO-TRADE  02:12:59                        ║
╠══════════════════════════════════════════════════════════════╣
║  💰    74,817.70  |  ATR:    426  |  %b: 0.202 ⚖️正常       ║
╠══════════════════════════════════════════════════════════════╣
║  4h: 📉  |  1d: 📉  |  RSI: ⚖️33.7        ║
╠══════════════════════════════════════════════════════════════╣
║  📊 持仓: LONG @ $75,137  |  📉-0.43%              ║
║  📌 SL: $73,635  TP: $77,016    ║
╠══════════════════════════════════════════════════════════════╣
║  🎯 【做多-v2.2】大周期空头+5m超卖反弹
理由: 4h+1d均线空头,价格跌至布林下轨偏离-0.2%
║
╚══════════════════════════════════════════════════════════════╝
