[10:48:49] 🚀 BTC自动交易启动 v2.8 | 10秒周期 | 20x | 0.03 BTC
[10:48:49] v2.8: 单方向最多3仓 | 多仓位独立SL/TP | 有信号就开仓追加
[10:48:49] ⚠️ 检测到 1 个仓位，合计 0.03 BTC
[10:48:49]   仓1: long 0.03 BTC @ $76,774.30 | SL=$74,471 TP=$80,613

╔══════════════════════════════════════════════════════════════╗
║  BTC AUTO-TRADE  10:48:52                        ║
╠══════════════════════════════════════════════════════════════╣
║  💰    75,567.60  |  ATR:    490  |  %b: -0.007 🟢超卖       ║
╠══════════════════════════════════════════════════════════════╣
║  4h: 📉  |  1d: 📉  |  RSI: 🟢29.0        ║
╠══════════════════════════════════════════════════════════════╣
║  📊 持仓: LONG x 1仓 共0.03 BTC  |  📉-1.57%    ║
║  仓1: SL$74,471 TP$80,613 @ $76,774 (0.03BTC)  ║
╠══════════════════════════════════════════════════════════════╣
║  🎯 做多A║
╚══════════════════════════════════════════════════════════════╝

╔══════════════════════════════════════════════════════════════╗
║  BTC AUTO-TRADE  10:49:02                        ║
╠══════════════════════════════════════════════════════════════╣
║  💰    75,587.50  |  ATR:    490  |  %b: 0.007 🟢超卖       ║
╠══════════════════════════════════════════════════════════════╣
║  4h: 📉  |  1d: 📉  |  RSI: 🟢29.9        ║
╠══════════════════════════════════════════════════════════════╣
║  📊 持仓: LONG x 1仓 共0.03 BTC  |  📉-1.55%    ║
║  仓1: SL$74,471 TP$80,613 @ $76,774 (0.03BTC)  ║
╠══════════════════════════════════════════════════════════════╣
║  🎯 做多A║
╚══════════════════════════════════════════════════════════════╝

╔══════════════════════════════════════════════════════════════╗
║  BTC AUTO-TRADE  10:49:12                        ║
╠══════════════════════════════════════════════════════════════╣
║  💰    75,589.80  |  ATR:    490  |  %b: 0.009 🟢超卖       ║
╠══════════════════════════════════════════════════════════════╣
║  4h: 📉  |  1d: 📉  |  RSI: ⚖️30.1        ║
╠══════════════════════════════════════════════════════════════╣
║  📊 持仓: LONG x 1仓 共0.03 BTC  |  📉-1.54%    ║
║  仓1: SL$74,471 TP$80,613 @ $76,774 (0.03BTC)  ║
╠══════════════════════════════════════════════════════════════╣
║  🎯 做多A║
╚══════════════════════════════════════════════════════════════╝

╔══════════════════════════════════════════════════════════════╗
║  BTC AUTO-TRADE  10:49:23                        ║
╠══════════════════════════════════════════════════════════════╣
║  💰    75,603.30  |  ATR:    490  |  %b: 0.018 🟢超卖       ║
╠══════════════════════════════════════════════════════════════╣
║  4h: 📉  |  1d: 📉  |  RSI: ⚖️30.9        ║
╠══════════════════════════════════════════════════════════════╣
║  📊 持仓: LONG x 1仓 共0.03 BTC  |  📉-1.53%    ║
║  仓1: SL$74,471 TP$80,613 @ $76,774 (0.03BTC)  ║
╠══════════════════════════════════════════════════════════════╣
║  🎯 做多A║
╚══════════════════════════════════════════════════════════════╝

╔══════════════════════════════════════════════════════════════╗
║  BTC AUTO-TRADE  10:49:33                        ║
╠══════════════════════════════════════════════════════════════╣
║  💰    75,566.00  |  ATR:    490  |  %b: -0.008 🟢超卖       ║
╠══════════════════════════════════════════════════════════════╣
║  4h: 📉  |  1d: 📉  |  RSI: 🟢28.9        ║
╠══════════════════════════════════════════════════════════════╣
║  📊 持仓: LONG x 1仓 共0.03 BTC  |  📉-1.57%    ║
║  仓1: SL$74,471 TP$80,613 @ $76,774 (0.03BTC)  ║
╠══════════════════════════════════════════════════════════════╣
║  🎯 做多A║
╚══════════════════════════════════════════════════════════════╝

╔══════════════════════════════════════════════════════════════╗
║  BTC AUTO-TRADE  10:49:44                        ║
╠══════════════════════════════════════════════════════════════╣
║  💰    75,533.00  |  ATR:    490  |  %b: -0.030 🟢超卖       ║
╠══════════════════════════════════════════════════════════════╣
║  4h: 📉  |  1d: 📉  |  RSI: 🟢28.1        ║
╠══════════════════════════════════════════════════════════════╣
║  📊 持仓: LONG x 1仓 共0.03 BTC  |  📉-1.62%    ║
║  仓1: SL$74,471 TP$80,613 @ $76,774 (0.03BTC)  ║
╠══════════════════════════════════════════════════════════════╣
║  🎯 做多A║
╚══════════════════════════════════════════════════════════════╝
[10:49:44] ✅ SL/TP检查正常 (交易所查询) 1个仓位全部完整

╔══════════════════════════════════════════════════════════════╗
║  BTC AUTO-TRADE  10:49:54                        ║
╠══════════════════════════════════════════════════════════════╣
║  💰    75,548.00  |  ATR:    490  |  %b: -0.020 🟢超卖       ║
╠══════════════════════════════════════════════════════════════╣
║  4h: 📉  |  1d: 📉  |  RSI: 🟢28.5        ║
╠══════════════════════════════════════════════════════════════╣
║  📊 持仓: LONG x 1仓 共0.03 BTC  |  📉-1.60%    ║
║  仓1: SL$74,471 TP$80,613 @ $76,774 (0.03BTC)  ║
╠══════════════════════════════════════════════════════════════╣
║  🎯 做多A║
╚══════════════════════════════════════════════════════════════╝

╔══════════════════════════════════════════════════════════════╗
║  BTC AUTO-TRADE  10:50:05                        ║
╠══════════════════════════════════════════════════════════════╣
║  💰    75,555.10  |  ATR:    490  |  %b: 0.055 🟢超卖       ║
╠══════════════════════════════════════════════════════════════╣
║  4h: 📉  |  1d: 📉  |  RSI: 🟢28.6        ║
╠══════════════════════════════════════════════════════════════╣
║  📊 持仓: LONG x 1仓 共0.03 BTC  |  📉-1.59%    ║
║  仓1: SL$74,471 TP$80,613 @ $76,774 (0.03BTC)  ║
╠══════════════════════════════════════════════════════════════╣
║  🎯 做多A║
╚══════════════════════════════════════════════════════════════╝

╔══════════════════════════════════════════════════════════════╗
║  BTC AUTO-TRADE  10:50:15                        ║
╠══════════════════════════════════════════════════════════════╣
║  💰    75,582.20  |  ATR:    490  |  %b: 0.074 🟢超卖       ║
╠══════════════════════════════════════════════════════════════╣
║  4h: 📉  |  1d: 📉  |  RSI: ⚖️30.4        ║
╠══════════════════════════════════════════════════════════════╣
║  📊 持仓: LONG x 1仓 共0.03 BTC  |  📉-1.55%    ║
║  仓1: SL$74,471 TP$80,613 @ $76,774 (0.03BTC)  ║
╠══════════════════════════════════════════════════════════════╣
║  🎯 做多A║
╚══════════════════════════════════════════════════════════════╝

╔══════════════════════════════════════════════════════════════╗
║  BTC AUTO-TRADE  10:50:26                        ║
╠══════════════════════════════════════════════════════════════╣
║  💰    75,599.90  |  ATR:    490  |  %b: 0.086 🟢超卖       ║
╠══════════════════════════════════════════════════════════════╣
║  4h: 📉  |  1d: 📉  |  RSI: ⚖️31.5        ║
╠══════════════════════════════════════════════════════════════╣
║  📊 持仓: LONG x 1仓 共0.03 BTC  |  📉-1.53%    ║
║  仓1: SL$74,471 TP$80,613 @ $76,774 (0.03BTC)  ║
╠══════════════════════════════════════════════════════════════╣
║  🎯 做多A║
╚══════════════════════════════════════════════════════════════╝

╔══════════════════════════════════════════════════════════════╗
║  BTC AUTO-TRADE  10:50:36                        ║
╠══════════════════════════════════════════════════════════════╣
║  💰    75,595.60  |  ATR:    490  |  %b: 0.083 🟢超卖       ║
╠══════════════════════════════════════════════════════════════╣
║  4h: 📉  |  1d: 📉  |  RSI: ⚖️31.3        ║
╠══════════════════════════════════════════════════════════════╣
║  📊 持仓: LONG x 1仓 共0.03 BTC  |  📉-1.54%    ║
║  仓1: SL$74,471 TP$80,613 @ $76,774 (0.03BTC)  ║
╠══════════════════════════════════════════════════════════════╣
║  🎯 做多A║
╚══════════════════════════════════════════════════════════════╝

╔══════════════════════════════════════════════════════════════╗
║  BTC AUTO-TRADE  10:50:47                        ║
╠══════════════════════════════════════════════════════════════╣
║  💰    75,607.20  |  ATR:    490  |  %b: 0.091 🟢超卖       ║
╠══════════════════════════════════════════════════════════════╣
║  4h: 📉  |  1d: 📉  |  RSI: ⚖️32.0        ║
╠══════════════════════════════════════════════════════════════╣
║  📊 持仓: LONG x 1仓 共0.03 BTC  |  📉-1.52%    ║
║  仓1: SL$74,471 TP$80,613 @ $76,774 (0.03BTC)  ║
╠══════════════════════════════════════════════════════════════╣
║  🎯 做多A║
╚══════════════════════════════════════════════════════════════╝
[10:50:47] ✅ SL/TP检查正常 (交易所查询) 1个仓位全部完整

╔══════════════════════════════════════════════════════════════╗
║  BTC AUTO-TRADE  10:50:57                        ║
╠══════════════════════════════════════════════════════════════╣
║  💰    75,611.80  |  ATR:    490  |  %b: 0.094 🟢超卖       ║
╠══════════════════════════════════════════════════════════════╣
║  4h: 📉  |  1d: 📉  |  RSI: ⚖️32.3        ║
╠══════════════════════════════════════════════════════════════╣
║  📊 持仓: LONG x 1仓 共0.03 BTC  |  📉-1.51%    ║
║  仓1: SL$74,471 TP$80,613 @ $76,774 (0.03BTC)  ║
╠══════════════════════════════════════════════════════════════╣
║  🎯 做多A║
╚══════════════════════════════════════════════════════════════╝

╔══════════════════════════════════════════════════════════════╗
║  BTC AUTO-TRADE  10:51:08                        ║
╠══════════════════════════════════════════════════════════════╣
║  💰    75,628.40  |  ATR:    490  |  %b: 0.106 🟢超卖       ║
╠══════════════════════════════════════════════════════════════╣
║  4h: 📉  |  1d: 📉  |  RSI: ⚖️33.3        ║
╠══════════════════════════════════════════════════════════════╣
║  📊 持仓: LONG x 1仓 共0.03 BTC  |  📉-1.49%    ║
║  仓1: SL$74,471 TP$80,613 @ $76,774 (0.03BTC)  ║
╠══════════════════════════════════════════════════════════════╣
║  🎯 做多A║
╚══════════════════════════════════════════════════════════════╝

╔══════════════════════════════════════════════════════════════╗
║  BTC AUTO-TRADE  10:51:18                        ║
╠══════════════════════════════════════════════════════════════╣
║  💰    75,631.50  |  ATR:    490  |  %b: 0.108 🟢超卖       ║
╠══════════════════════════════════════════════════════════════╣
║  4h: 📉  |  1d: 📉  |  RSI: ⚖️33.5        ║
╠══════════════════════════════════════════════════════════════╣
║  📊 持仓: LONG x 1仓 共0.03 BTC  |  📉-1.49%    ║
║  仓1: SL$74,471 TP$80,613 @ $76,774 (0.03BTC)  ║
╠══════════════════════════════════════════════════════════════╣
║  🎯 做多A║
╚══════════════════════════════════════════════════════════════╝

╔══════════════════════════════════════════════════════════════╗
║  BTC AUTO-TRADE  10:51:29                        ║
╠══════════════════════════════════════════════════════════════╣
║  💰    75,620.70  |  ATR:    490  |  %b: 0.100 🟢超卖       ║
╠══════════════════════════════════════════════════════════════╣
║  4h: 📉  |  1d: 📉  |  RSI: ⚖️32.8        ║
╠══════════════════════════════════════════════════════════════╣
║  📊 持仓: LONG x 1仓 共0.03 BTC  |  📉-1.50%    ║
║  仓1: SL$74,471 TP$80,613 @ $76,774 (0.03BTC)  ║
╠══════════════════════════════════════════════════════════════╣
║  🎯 做多A║
╚══════════════════════════════════════════════════════════════╝

╔══════════════════════════════════════════════════════════════╗
║  BTC AUTO-TRADE  10:51:39                        ║
╠══════════════════════════════════════════════════════════════╣
║  💰    75,626.50  |  ATR:    490  |  %b: 0.104 🟢超卖       ║
╠══════════════════════════════════════════════════════════════╣
║  4h: 📉  |  1d: 📉  |  RSI: ⚖️33.2        ║
╠══════════════════════════════════════════════════════════════╣
║  📊 持仓: LONG x 1仓 共0.03 BTC  |  📉-1.50%    ║
║  仓1: SL$74,471 TP$80,613 @ $76,774 (0.03BTC)  ║
╠══════════════════════════════════════════════════════════════╣
║  🎯 做多A║
╚══════════════════════════════════════════════════════════════╝

╔══════════════════════════════════════════════════════════════╗
║  BTC AUTO-TRADE  10:51:50                        ║
╠══════════════════════════════════════════════════════════════╣
║  💰    75,623.00  |  ATR:    490  |  %b: 0.102 🟢超卖       ║
╠══════════════════════════════════════════════════════════════╣
║  4h: 📉  |  1d: 📉  |  RSI: ⚖️33.0        ║
╠══════════════════════════════════════════════════════════════╣
║  📊 持仓: LONG x 1仓 共0.03 BTC  |  📉-1.50%    ║
║  仓1: SL$74,471 TP$80,613 @ $76,774 (0.03BTC)  ║
╠══════════════════════════════════════════════════════════════╣
║  🎯 做多A║
╚══════════════════════════════════════════════════════════════╝
[10:51:50] ✅ SL/TP检查正常 (交易所查询) 1个仓位全部完整

╔══════════════════════════════════════════════════════════════╗
║  BTC AUTO-TRADE  10:52:00                        ║
╠══════════════════════════════════════════════════════════════╣
║  💰    75,620.00  |  ATR:    490  |  %b: 0.100 🟢超卖       ║
╠══════════════════════════════════════════════════════════════╣
║  4h: 📉  |  1d: 📉  |  RSI: ⚖️32.8        ║
╠══════════════════════════════════════════════════════════════╣
║  📊 持仓: LONG x 1仓 共0.03 BTC  |  📉-1.50%    ║
║  仓1: SL$74,471 TP$80,613 @ $76,774 (0.03BTC)  ║
╠══════════════════════════════════════════════════════════════╣
║  🎯 做多A║
╚══════════════════════════════════════════════════════════════╝

╔══════════════════════════════════════════════════════════════╗
║  BTC AUTO-TRADE  10:52:11                        ║
╠══════════════════════════════════════════════════════════════╣
║  💰    75,659.60  |  ATR:    490  |  %b: 0.128 🟢超卖       ║
╠══════════════════════════════════════════════════════════════╣
║  4h: 📉  |  1d: 📉  |  RSI: ⚖️35.1        ║
╠══════════════════════════════════════════════════════════════╣
║  📊 持仓: LONG x 1仓 共0.03 BTC  |  📉-1.45%    ║
║  仓1: SL$74,471 TP$80,613 @ $76,774 (0.03BTC)  ║
╠══════════════════════════════════════════════════════════════╣
║  🎯 做多A║
╚══════════════════════════════════════════════════════════════╝

╔══════════════════════════════════════════════════════════════╗
║  BTC AUTO-TRADE  10:52:21                        ║
╠══════════════════════════════════════════════════════════════╣
║  💰    75,667.60  |  ATR:    490  |  %b: 0.134 🟢超卖       ║
╠══════════════════════════════════════════════════════════════╣
║  4h: 📉  |  1d: 📉  |  RSI: ⚖️35.5        ║
╠══════════════════════════════════════════════════════════════╣
║  📊 持仓: LONG x 1仓 共0.03 BTC  |  📉-1.44%    ║
║  仓1: SL$74,471 TP$80,613 @ $76,774 (0.03BTC)  ║
╠══════════════════════════════════════════════════════════════╣
║  🎯 做多A║
╚══════════════════════════════════════════════════════════════╝

╔══════════════════════════════════════════════════════════════╗
║  BTC AUTO-TRADE  10:52:32                        ║
╠══════════════════════════════════════════════════════════════╣
║  💰    75,663.10  |  ATR:    490  |  %b: 0.131 🟢超卖       ║
╠══════════════════════════════════════════════════════════════╣
║  4h: 📉  |  1d: 📉  |  RSI: ⚖️35.3        ║
╠══════════════════════════════════════════════════════════════╣
║  📊 持仓: LONG x 1仓 共0.03 BTC  |  📉-1.45%    ║
║  仓1: SL$74,471 TP$80,613 @ $76,774 (0.03BTC)  ║
╠══════════════════════════════════════════════════════════════╣
║  🎯 做多A║
╚══════════════════════════════════════════════════════════════╝

╔══════════════════════════════════════════════════════════════╗
║  BTC AUTO-TRADE  10:52:42                        ║
╠══════════════════════════════════════════════════════════════╣
║  💰    75,670.20  |  ATR:    490  |  %b: 0.136 🟢超卖       ║
╠══════════════════════════════════════════════════════════════╣
║  4h: 📉  |  1d: 📉  |  RSI: ⚖️35.7        ║
╠══════════════════════════════════════════════════════════════╣
║  📊 持仓: LONG x 1仓 共0.03 BTC  |  📉-1.44%    ║
║  仓1: SL$74,471 TP$80,613 @ $76,774 (0.03BTC)  ║
╠══════════════════════════════════════════════════════════════╣
║  🎯 做多A║
╚══════════════════════════════════════════════════════════════╝

╔══════════════════════════════════════════════════════════════╗
║  BTC AUTO-TRADE  10:52:53                        ║
╠══════════════════════════════════════════════════════════════╣
║  💰    75,651.90  |  ATR:    490  |  %b: 0.123 🟢超卖       ║
╠══════════════════════════════════════════════════════════════╣
║  4h: 📉  |  1d: 📉  |  RSI: ⚖️34.6        ║
╠══════════════════════════════════════════════════════════════╣
║  📊 持仓: LONG x 1仓 共0.03 BTC  |  📉-1.46%    ║
║  仓1: SL$74,471 TP$80,613 @ $76,774 (0.03BTC)  ║
╠══════════════════════════════════════════════════════════════╣
║  🎯 做多A║
╚══════════════════════════════════════════════════════════════╝
[10:52:53] ✅ SL/TP检查正常 (交易所查询) 1个仓位全部完整

╔══════════════════════════════════════════════════════════════╗
║  BTC AUTO-TRADE  10:53:03                        ║
╠══════════════════════════════════════════════════════════════╣
║  💰    75,645.00  |  ATR:    490  |  %b: 0.118 🟢超卖       ║
╠══════════════════════════════════════════════════════════════╣
║  4h: 📉  |  1d: 📉  |  RSI: ⚖️34.2        ║
╠══════════════════════════════════════════════════════════════╣
║  📊 持仓: LONG x 1仓 共0.03 BTC  |  📉-1.47%    ║
║  仓1: SL$74,471 TP$80,613 @ $76,774 (0.03BTC)  ║
╠══════════════════════════════════════════════════════════════╣
║  🎯 做多A║
╚══════════════════════════════════════════════════════════════╝

╔══════════════════════════════════════════════════════════════╗
║  BTC AUTO-TRADE  10:53:14                        ║
╠══════════════════════════════════════════════════════════════╣
║  💰    75,665.30  |  ATR:    490  |  %b: 0.132 🟢超卖       ║
╠══════════════════════════════════════════════════════════════╣
║  4h: 📉  |  1d: 📉  |  RSI: ⚖️35.4        ║
╠══════════════════════════════════════════════════════════════╣
║  📊 持仓: LONG x 1仓 共0.03 BTC  |  📉-1.44%    ║
║  仓1: SL$74,471 TP$80,613 @ $76,774 (0.03BTC)  ║
╠══════════════════════════════════════════════════════════════╣
║  🎯 做多A║
╚══════════════════════════════════════════════════════════════╝

╔══════════════════════════════════════════════════════════════╗
║  BTC AUTO-TRADE  10:53:24                        ║
╠══════════════════════════════════════════════════════════════╣
║  💰    75,679.60  |  ATR:    490  |  %b: 0.143 🟢超卖       ║
╠══════════════════════════════════════════════════════════════╣
║  4h: 📉  |  1d: 📉  |  RSI: ⚖️36.2        ║
╠══════════════════════════════════════════════════════════════╣
║  📊 持仓: LONG x 1仓 共0.03 BTC  |  📉-1.43%    ║
║  仓1: SL$74,471 TP$80,613 @ $76,774 (0.03BTC)  ║
╠══════════════════════════════════════════════════════════════╣
║  🎯 做多A║
╚══════════════════════════════════════════════════════════════╝

╔══════════════════════════════════════════════════════════════╗
║  BTC AUTO-TRADE  10:53:35                        ║
╠══════════════════════════════════════════════════════════════╣
║  💰    75,672.90  |  ATR:    490  |  %b: 0.138 🟢超卖       ║
╠══════════════════════════════════════════════════════════════╣
║  4h: 📉  |  1d: 📉  |  RSI: ⚖️35.8        ║
╠══════════════════════════════════════════════════════════════╣
║  📊 持仓: LONG x 1仓 共0.03 BTC  |  📉-1.43%    ║
║  仓1: SL$74,471 TP$80,613 @ $76,774 (0.03BTC)  ║
╠══════════════════════════════════════════════════════════════╣
║  🎯 做多A║
╚══════════════════════════════════════════════════════════════╝

╔══════════════════════════════════════════════════════════════╗
║  BTC AUTO-TRADE  10:53:45                        ║
╠══════════════════════════════════════════════════════════════╣
║  💰    75,695.60  |  ATR:    490  |  %b: 0.155 🟢超卖       ║
╠══════════════════════════════════════════════════════════════╣
║  4h: 📉  |  1d: 📉  |  RSI: ⚖️37.0        ║
╠══════════════════════════════════════════════════════════════╣
║  📊 持仓: LONG x 1仓 共0.03 BTC  |  📉-1.41%    ║
║  仓1: SL$74,471 TP$80,613 @ $76,774 (0.03BTC)  ║
╠══════════════════════════════════════════════════════════════╣
║  🎯 做多A║
╚══════════════════════════════════════════════════════════════╝

╔══════════════════════════════════════════════════════════════╗
║  BTC AUTO-TRADE  10:53:56                        ║
╠══════════════════════════════════════════════════════════════╣
║  💰    75,695.90  |  ATR:    490  |  %b: 0.155 🟢超卖       ║
╠══════════════════════════════════════════════════════════════╣
║  4h: 📉  |  1d: 📉  |  RSI: ⚖️37.0        ║
╠══════════════════════════════════════════════════════════════╣
║  📊 持仓: LONG x 1仓 共0.03 BTC  |  📉-1.40%    ║
║  仓1: SL$74,471 TP$80,613 @ $76,774 (0.03BTC)  ║
╠══════════════════════════════════════════════════════════════╣
║  🎯 做多A║
╚══════════════════════════════════════════════════════════════╝
[10:53:56] ✅ SL/TP检查正常 (交易所查询) 1个仓位全部完整

╔══════════════════════════════════════════════════════════════╗
║  BTC AUTO-TRADE  10:54:06                        ║
╠══════════════════════════════════════════════════════════════╣
║  💰    75,680.10  |  ATR:    490  |  %b: 0.143 🟢超卖       ║
╠══════════════════════════════════════════════════════════════╣
║  4h: 📉  |  1d: 📉  |  RSI: ⚖️36.2        ║
╠══════════════════════════════════════════════════════════════╣
║  📊 持仓: LONG x 1仓 共0.03 BTC  |  📉-1.43%    ║
║  仓1: SL$74,471 TP$80,613 @ $76,774 (0.03BTC)  ║
╠══════════════════════════════════════════════════════════════╣
║  🎯 做多A║
╚══════════════════════════════════════════════════════════════╝

╔══════════════════════════════════════════════════════════════╗
║  BTC AUTO-TRADE  10:54:17                        ║
╠══════════════════════════════════════════════════════════════╣
║  💰    75,714.10  |  ATR:    490  |  %b: 0.169 🟢超卖       ║
╠══════════════════════════════════════════════════════════════╣
║  4h: 📉  |  1d: 📉  |  RSI: ⚖️38.0        ║
╠══════════════════════════════════════════════════════════════╣
║  📊 持仓: LONG x 1仓 共0.03 BTC  |  📉-1.38%    ║
║  仓1: SL$74,471 TP$80,613 @ $76,774 (0.03BTC)  ║
╠══════════════════════════════════════════════════════════════╣
║  🎯 做多A║
╚══════════════════════════════════════════════════════════════╝

╔══════════════════════════════════════════════════════════════╗
║  BTC AUTO-TRADE  10:54:27                        ║
╠══════════════════════════════════════════════════════════════╣
║  💰    75,694.70  |  ATR:    490  |  %b: 0.154 🟢超卖       ║
╠══════════════════════════════════════════════════════════════╣
║  4h: 📉  |  1d: 📉  |  RSI: ⚖️37.0        ║
╠══════════════════════════════════════════════════════════════╣
║  📊 持仓: LONG x 1仓 共0.03 BTC  |  📉-1.41%    ║
║  仓1: SL$74,471 TP$80,613 @ $76,774 (0.03BTC)  ║
╠══════════════════════════════════════════════════════════════╣
║  🎯 做多A║
╚══════════════════════════════════════════════════════════════╝

╔══════════════════════════════════════════════════════════════╗
║  BTC AUTO-TRADE  10:54:38                        ║
╠══════════════════════════════════════════════════════════════╣
║  💰    75,681.80  |  ATR:    490  |  %b: 0.144 🟢超卖       ║
╠══════════════════════════════════════════════════════════════╣
║  4h: 📉  |  1d: 📉  |  RSI: ⚖️36.3        ║
╠══════════════════════════════════════════════════════════════╣
║  📊 持仓: LONG x 1仓 共0.03 BTC  |  📉-1.42%    ║
║  仓1: SL$74,471 TP$80,613 @ $76,774 (0.03BTC)  ║
╠══════════════════════════════════════════════════════════════╣
║  🎯 做多A║
╚══════════════════════════════════════════════════════════════╝

╔══════════════════════════════════════════════════════════════╗
║  BTC AUTO-TRADE  10:54:48                        ║
╠══════════════════════════════════════════════════════════════╣
║  💰    75,673.70  |  ATR:    490  |  %b: 0.138 🟢超卖       ║
╠══════════════════════════════════════════════════════════════╣
║  4h: 📉  |  1d: 📉  |  RSI: ⚖️35.9        ║
╠══════════════════════════════════════════════════════════════╣
║  📊 持仓: LONG x 1仓 共0.03 BTC  |  📉-1.43%    ║
║  仓1: SL$74,471 TP$80,613 @ $76,774 (0.03BTC)  ║
╠══════════════════════════════════════════════════════════════╣
║  🎯 做多A║
╚══════════════════════════════════════════════════════════════╝

╔══════════════════════════════════════════════════════════════╗
║  BTC AUTO-TRADE  10:54:59                        ║
╠══════════════════════════════════════════════════════════════╣
║  💰    75,672.90  |  ATR:    490  |  %b: 0.138 🟢超卖       ║
╠══════════════════════════════════════════════════════════════╣
║  4h: 📉  |  1d: 📉  |  RSI: ⚖️35.8        ║
╠══════════════════════════════════════════════════════════════╣
║  📊 持仓: LONG x 1仓 共0.03 BTC  |  📉-1.43%    ║
║  仓1: SL$74,471 TP$80,613 @ $76,774 (0.03BTC)  ║
╠══════════════════════════════════════════════════════════════╣
║  🎯 做多A║
╚══════════════════════════════════════════════════════════════╝
[10:54:59] ✅ SL/TP检查正常 (交易所查询) 1个仓位全部完整

╔══════════════════════════════════════════════════════════════╗
║  BTC AUTO-TRADE  10:55:09                        ║
╠══════════════════════════════════════════════════════════════╣
║  💰    75,704.90  |  ATR:    490  |  %b: 0.197 🟢超卖       ║
╠══════════════════════════════════════════════════════════════╣
║  4h: 📉  |  1d: 📉  |  RSI: ⚖️37.6        ║
╠══════════════════════════════════════════════════════════════╣
║  📊 持仓: LONG x 1仓 共0.03 BTC  |  📉-1.39%    ║
║  仓1: SL$74,471 TP$80,613 @ $76,774 (0.03BTC)  ║
╠══════════════════════════════════════════════════════════════╣
║  🎯 做多A║
╚══════════════════════════════════════════════════════════════╝

╔══════════════════════════════════════════════════════════════╗
║  BTC AUTO-TRADE  10:55:20                        ║
╠══════════════════════════════════════════════════════════════╣
║  💰    75,704.90  |  ATR:    490  |  %b: 0.197 🟢超卖       ║
╠══════════════════════════════════════════════════════════════╣
║  4h: 📉  |  1d: 📉  |  RSI: ⚖️37.6        ║
╠══════════════════════════════════════════════════════════════╣
║  📊 持仓: LONG x 1仓 共0.03 BTC  |  📉-1.39%    ║
║  仓1: SL$74,471 TP$80,613 @ $76,774 (0.03BTC)  ║
╠══════════════════════════════════════════════════════════════╣
║  🎯 做多A║
╚══════════════════════════════════════════════════════════════╝

╔══════════════════════════════════════════════════════════════╗
║  BTC AUTO-TRADE  10:55:30                        ║
╠══════════════════════════════════════════════════════════════╣
║  💰    75,690.40  |  ATR:    490  |  %b: 0.187 🟢超卖       ║
╠══════════════════════════════════════════════════════════════╣
║  4h: 📉  |  1d: 📉  |  RSI: ⚖️36.8        ║
╠══════════════════════════════════════════════════════════════╣
║  📊 持仓: LONG x 1仓 共0.03 BTC  |  📉-1.41%    ║
║  仓1: SL$74,471 TP$80,613 @ $76,774 (0.03BTC)  ║
╠══════════════════════════════════════════════════════════════╣
║  🎯 做多A║
╚══════════════════════════════════════════════════════════════╝

╔══════════════════════════════════════════════════════════════╗
║  BTC AUTO-TRADE  10:55:40                        ║
╠══════════════════════════════════════════════════════════════╣
║  💰    75,682.20  |  ATR:    490  |  %b: 0.181 🟢超卖       ║
╠══════════════════════════════════════════════════════════════╣
║  4h: 📉  |  1d: 📉  |  RSI: ⚖️36.4        ║
╠══════════════════════════════════════════════════════════════╣
║  📊 持仓: LONG x 1仓 共0.03 BTC  |  📉-1.42%    ║
║  仓1: SL$74,471 TP$80,613 @ $76,774 (0.03BTC)  ║
╠══════════════════════════════════════════════════════════════╣
║  🎯 做多A║
╚══════════════════════════════════════════════════════════════╝

╔══════════════════════════════════════════════════════════════╗
║  BTC AUTO-TRADE  10:55:51                        ║
╠══════════════════════════════════════════════════════════════╣
║  💰    75,688.00  |  ATR:    490  |  %b: 0.185 🟢超卖       ║
╠══════════════════════════════════════════════════════════════╣
║  4h: 📉  |  1d: 📉  |  RSI: ⚖️36.6        ║
╠══════════════════════════════════════════════════════════════╣
║  📊 持仓: LONG x 1仓 共0.03 BTC  |  📉-1.41%    ║
║  仓1: SL$74,471 TP$80,613 @ $76,774 (0.03BTC)  ║
╠══════════════════════════════════════════════════════════════╣
║  🎯 做多A║
╚══════════════════════════════════════════════════════════════╝

╔══════════════════════════════════════════════════════════════╗
║  BTC AUTO-TRADE  10:56:01                        ║
╠══════════════════════════════════════════════════════════════╣
║  💰    75,683.90  |  ATR:    490  |  %b: 0.182 🟢超卖       ║
╠══════════════════════════════════════════════════════════════╣
║  4h: 📉  |  1d: 📉  |  RSI: ⚖️36.4        ║
╠══════════════════════════════════════════════════════════════╣
║  📊 持仓: LONG x 1仓 共0.03 BTC  |  📉-1.42%    ║
║  仓1: SL$74,471 TP$80,613 @ $76,774 (0.03BTC)  ║
╠══════════════════════════════════════════════════════════════╣
║  🎯 做多A║
╚══════════════════════════════════════════════════════════════╝
[10:56:01] ✅ SL/TP检查正常 (交易所查询) 1个仓位全部完整

╔══════════════════════════════════════════════════════════════╗
║  BTC AUTO-TRADE  10:56:12                        ║
╠══════════════════════════════════════════════════════════════╣
║  💰    75,699.90  |  ATR:    490  |  %b: 0.194 🟢超卖       ║
╠══════════════════════════════════════════════════════════════╣
║  4h: 📉  |  1d: 📉  |  RSI: ⚖️37.3        ║
╠══════════════════════════════════════════════════════════════╣
║  📊 持仓: LONG x 1仓 共0.03 BTC  |  📉-1.40%    ║
║  仓1: SL$74,471 TP$80,613 @ $76,774 (0.03BTC)  ║
╠══════════════════════════════════════════════════════════════╣
║  🎯 做多A║
╚══════════════════════════════════════════════════════════════╝

╔══════════════════════════════════════════════════════════════╗
║  BTC AUTO-TRADE  10:56:22                        ║
╠══════════════════════════════════════════════════════════════╣
║  💰    75,699.90  |  ATR:    490  |  %b: 0.194 🟢超卖       ║
╠══════════════════════════════════════════════════════════════╣
║  4h: 📉  |  1d: 📉  |  RSI: ⚖️37.3        ║
╠══════════════════════════════════════════════════════════════╣
║  📊 持仓: LONG x 1仓 共0.03 BTC  |  📉-1.40%    ║
║  仓1: SL$74,471 TP$80,613 @ $76,774 (0.03BTC)  ║
╠══════════════════════════════════════════════════════════════╣
║  🎯 做多A║
╚══════════════════════════════════════════════════════════════╝

╔══════════════════════════════════════════════════════════════╗
║  BTC AUTO-TRADE  10:56:33                        ║
╠══════════════════════════════════════════════════════════════╣
║  💰    75,695.20  |  ATR:    490  |  %b: 0.190 🟢超卖       ║
╠══════════════════════════════════════════════════════════════╣
║  4h: 📉  |  1d: 📉  |  RSI: ⚖️37.1        ║
╠══════════════════════════════════════════════════════════════╣
║  📊 持仓: LONG x 1仓 共0.03 BTC  |  📉-1.41%    ║
║  仓1: SL$74,471 TP$80,613 @ $76,774 (0.03BTC)  ║
╠══════════════════════════════════════════════════════════════╣
║  🎯 做多A║
╚══════════════════════════════════════════════════════════════╝

╔══════════════════════════════════════════════════════════════╗
║  BTC AUTO-TRADE  10:56:43                        ║
╠══════════════════════════════════════════════════════════════╣
║  💰    75,674.40  |  ATR:    490  |  %b: 0.175 🟢超卖       ║
╠══════════════════════════════════════════════════════════════╣
║  4h: 📉  |  1d: 📉  |  RSI: ⚖️36.1        ║
╠══════════════════════════════════════════════════════════════╣
║  📊 持仓: LONG x 1仓 共0.03 BTC  |  📉-1.43%    ║
║  仓1: SL$74,471 TP$80,613 @ $76,774 (0.03BTC)  ║
╠══════════════════════════════════════════════════════════════╣
║  🎯 做多A║
╚══════════════════════════════════════════════════════════════╝

╔══════════════════════════════════════════════════════════════╗
║  BTC AUTO-TRADE  10:56:54                        ║
╠══════════════════════════════════════════════════════════════╣
║  💰    75,674.40  |  ATR:    490  |  %b: 0.175 🟢超卖       ║
╠══════════════════════════════════════════════════════════════╣
║  4h: 📉  |  1d: 📉  |  RSI: ⚖️36.1        ║
╠══════════════════════════════════════════════════════════════╣
║  📊 持仓: LONG x 1仓 共0.03 BTC  |  📉-1.43%    ║
║  仓1: SL$74,471 TP$80,613 @ $76,774 (0.03BTC)  ║
╠══════════════════════════════════════════════════════════════╣
║  🎯 做多A║
╚══════════════════════════════════════════════════════════════╝

╔══════════════════════════════════════════════════════════════╗
║  BTC AUTO-TRADE  10:57:04                        ║
╠══════════════════════════════════════════════════════════════╣
║  💰    75,656.00  |  ATR:    490  |  %b: 0.162 🟢超卖       ║
╠══════════════════════════════════════════════════════════════╣
║  4h: 📉  |  1d: 📉  |  RSI: ⚖️35.5        ║
╠══════════════════════════════════════════════════════════════╣
║  📊 持仓: LONG x 1仓 共0.03 BTC  |  📉-1.46%    ║
║  仓1: SL$74,471 TP$80,613 @ $76,774 (0.03BTC)  ║
╠══════════════════════════════════════════════════════════════╣
║  🎯 做多A║
╚══════════════════════════════════════════════════════════════╝
[10:57:05] ✅ SL/TP检查正常 (交易所查询) 1个仓位全部完整

╔══════════════════════════════════════════════════════════════╗
║  BTC AUTO-TRADE  10:57:15                        ║
╠══════════════════════════════════════════════════════════════╣
║  💰    75,666.70  |  ATR:    490  |  %b: 0.170 🟢超卖       ║
╠══════════════════════════════════════════════════════════════╣
║  4h: 📉  |  1d: 📉  |  RSI: ⚖️35.8        ║
╠══════════════════════════════════════════════════════════════╣
║  📊 持仓: LONG x 1仓 共0.03 BTC  |  📉-1.44%    ║
║  仓1: SL$74,471 TP$80,613 @ $76,774 (0.03BTC)  ║
╠══════════════════════════════════════════════════════════════╣
║  🎯 做多A║
╚══════════════════════════════════════════════════════════════╝

╔══════════════════════════════════════════════════════════════╗
║  BTC AUTO-TRADE  10:57:25                        ║
╠══════════════════════════════════════════════════════════════╣
║  💰    75,670.00  |  ATR:    490  |  %b: 0.172 🟢超卖       ║
╠══════════════════════════════════════════════════════════════╣
║  4h: 📉  |  1d: 📉  |  RSI: ⚖️36.0        ║
╠══════════════════════════════════════════════════════════════╣
║  📊 持仓: LONG x 1仓 共0.03 BTC  |  📉-1.44%    ║
║  仓1: SL$74,471 TP$80,613 @ $76,774 (0.03BTC)  ║
╠══════════════════════════════════════════════════════════════╣
║  🎯 做多A║
╚══════════════════════════════════════════════════════════════╝

╔══════════════════════════════════════════════════════════════╗
║  BTC AUTO-TRADE  10:57:36                        ║
╠══════════════════════════════════════════════════════════════╣
║  💰    75,680.00  |  ATR:    490  |  %b: 0.179 🟢超卖       ║
╠══════════════════════════════════════════════════════════════╣
║  4h: 📉  |  1d: 📉  |  RSI: ⚖️36.3        ║
╠══════════════════════════════════════════════════════════════╣
║  📊 持仓: LONG x 1仓 共0.03 BTC  |  📉-1.43%    ║
║  仓1: SL$74,471 TP$80,613 @ $76,774 (0.03BTC)  ║
╠══════════════════════════════════════════════════════════════╣
║  🎯 做多A║
╚══════════════════════════════════════════════════════════════╝

╔══════════════════════════════════════════════════════════════╗
║  BTC AUTO-TRADE  10:57:46                        ║
╠══════════════════════════════════════════════════════════════╣
║  💰    75,680.00  |  ATR:    490  |  %b: 0.179 🟢超卖       ║
╠══════════════════════════════════════════════════════════════╣
║  4h: 📉  |  1d: 📉  |  RSI: ⚖️36.3        ║
╠══════════════════════════════════════════════════════════════╣
║  📊 持仓: LONG x 1仓 共0.03 BTC  |  📉-1.43%    ║
║  仓1: SL$74,471 TP$80,613 @ $76,774 (0.03BTC)  ║
╠══════════════════════════════════════════════════════════════╣
║  🎯 做多A║
╚══════════════════════════════════════════════════════════════╝

╔══════════════════════════════════════════════════════════════╗
║  BTC AUTO-TRADE  10:57:57                        ║
╠══════════════════════════════════════════════════════════════╣
║  💰    75,697.00  |  ATR:    490  |  %b: 0.192 🟢超卖       ║
╠══════════════════════════════════════════════════════════════╣
║  4h: 📉  |  1d: 📉  |  RSI: ⚖️37.2        ║
╠══════════════════════════════════════════════════════════════╣
║  📊 持仓: LONG x 1仓 共0.03 BTC  |  📉-1.40%    ║
║  仓1: SL$74,471 TP$80,613 @ $76,774 (0.03BTC)  ║
╠══════════════════════════════════════════════════════════════╣
║  🎯 做多A║
╚══════════════════════════════════════════════════════════════╝

╔══════════════════════════════════════════════════════════════╗
║  BTC AUTO-TRADE  10:58:07                        ║
╠══════════════════════════════════════════════════════════════╣
║  💰    75,694.40  |  ATR:    490  |  %b: 0.190 🟢超卖       ║
╠══════════════════════════════════════════════════════════════╣
║  4h: 📉  |  1d: 📉  |  RSI: ⚖️37.0        ║
╠══════════════════════════════════════════════════════════════╣
║  📊 持仓: LONG x 1仓 共0.03 BTC  |  📉-1.41%    ║
║  仓1: SL$74,471 TP$80,613 @ $76,774 (0.03BTC)  ║
╠══════════════════════════════════════════════════════════════╣
║  🎯 做多A║
╚══════════════════════════════════════════════════════════════╝
[10:58:07] ✅ SL/TP检查正常 (交易所查询) 1个仓位全部完整

╔══════════════════════════════════════════════════════════════╗
║  BTC AUTO-TRADE  10:58:18                        ║
╠══════════════════════════════════════════════════════════════╣
║  💰    75,687.20  |  ATR:    490  |  %b: 0.184 🟢超卖       ║
╠══════════════════════════════════════════════════════════════╣
║  4h: 📉  |  1d: 📉  |  RSI: ⚖️36.6        ║
╠══════════════════════════════════════════════════════════════╣
║  📊 持仓: LONG x 1仓 共0.03 BTC  |  📉-1.42%    ║
║  仓1: SL$74,471 TP$80,613 @ $76,774 (0.03BTC)  ║
╠══════════════════════════════════════════════════════════════╣
║  🎯 做多A║
╚══════════════════════════════════════════════════════════════╝

╔══════════════════════════════════════════════════════════════╗
║  BTC AUTO-TRADE  10:58:28                        ║
╠══════════════════════════════════════════════════════════════╣
║  💰    75,685.60  |  ATR:    490  |  %b: 0.183 🟢超卖       ║
╠══════════════════════════════════════════════════════════════╣
║  4h: 📉  |  1d: 📉  |  RSI: ⚖️36.5        ║
╠══════════════════════════════════════════════════════════════╣
║  📊 持仓: LONG x 1仓 共0.03 BTC  |  📉-1.42%    ║
║  仓1: SL$74,471 TP$80,613 @ $76,774 (0.03BTC)  ║
╠══════════════════════════════════════════════════════════════╣
║  🎯 做多A║
╚══════════════════════════════════════════════════════════════╝

╔══════════════════════════════════════════════════════════════╗
║  BTC AUTO-TRADE  10:58:39                        ║
╠══════════════════════════════════════════════════════════════╣
║  💰    75,674.30  |  ATR:    490  |  %b: 0.175 🟢超卖       ║
╠══════════════════════════════════════════════════════════════╣
║  4h: 📉  |  1d: 📉  |  RSI: ⚖️36.1        ║
╠══════════════════════════════════════════════════════════════╣
║  📊 持仓: LONG x 1仓 共0.03 BTC  |  📉-1.43%    ║
║  仓1: SL$74,471 TP$80,613 @ $76,774 (0.03BTC)  ║
╠══════════════════════════════════════════════════════════════╣
║  🎯 做多A║
╚══════════════════════════════════════════════════════════════╝

╔══════════════════════════════════════════════════════════════╗
║  BTC AUTO-TRADE  10:58:49                        ║
╠══════════════════════════════════════════════════════════════╣
║  💰    75,657.70  |  ATR:    490  |  %b: 0.163 🟢超卖       ║
╠══════════════════════════════════════════════════════════════╣
║  4h: 📉  |  1d: 📉  |  RSI: ⚖️35.6        ║
╠══════════════════════════════════════════════════════════════╣
║  📊 持仓: LONG x 1仓 共0.03 BTC  |  📉-1.45%    ║
║  仓1: SL$74,471 TP$80,613 @ $76,774 (0.03BTC)  ║
╠══════════════════════════════════════════════════════════════╣
║  🎯 做多A║
╚══════════════════════════════════════════════════════════════╝

╔══════════════════════════════════════════════════════════════╗
║  BTC AUTO-TRADE  10:59:00                        ║
╠══════════════════════════════════════════════════════════════╣
║  💰    75,672.40  |  ATR:    490  |  %b: 0.174 🟢超卖       ║
╠══════════════════════════════════════════════════════════════╣
║  4h: 📉  |  1d: 📉  |  RSI: ⚖️36.0        ║
╠══════════════════════════════════════════════════════════════╣
║  📊 持仓: LONG x 1仓 共0.03 BTC  |  📉-1.44%    ║
║  仓1: SL$74,471 TP$80,613 @ $76,774 (0.03BTC)  ║
╠══════════════════════════════════════════════════════════════╣
║  🎯 做多A║
╚══════════════════════════════════════════════════════════════╝

╔══════════════════════════════════════════════════════════════╗
║  BTC AUTO-TRADE  10:59:10                        ║
╠══════════════════════════════════════════════════════════════╣
║  💰    75,688.70  |  ATR:    490  |  %b: 0.186 🟢超卖       ║
╠══════════════════════════════════════════════════════════════╣
║  4h: 📉  |  1d: 📉  |  RSI: ⚖️36.7        ║
╠══════════════════════════════════════════════════════════════╣
║  📊 持仓: LONG x 1仓 共0.03 BTC  |  📉-1.41%    ║
║  仓1: SL$74,471 TP$80,613 @ $76,774 (0.03BTC)  ║
╠══════════════════════════════════════════════════════════════╣
║  🎯 做多A║
╚══════════════════════════════════════════════════════════════╝
[10:59:10] ✅ SL/TP检查正常 (交易所查询) 1个仓位全部完整

╔══════════════════════════════════════════════════════════════╗
║  BTC AUTO-TRADE  10:59:21                        ║
╠══════════════════════════════════════════════════════════════╣
║  💰    75,699.90  |  ATR:    490  |  %b: 0.194 🟢超卖       ║
╠══════════════════════════════════════════════════════════════╣
║  4h: 📉  |  1d: 📉  |  RSI: ⚖️37.3        ║
╠══════════════════════════════════════════════════════════════╣
║  📊 持仓: LONG x 1仓 共0.03 BTC  |  📉-1.40%    ║
║  仓1: SL$74,471 TP$80,613 @ $76,774 (0.03BTC)  ║
╠══════════════════════════════════════════════════════════════╣
║  🎯 做多A║
╚══════════════════════════════════════════════════════════════╝

╔══════════════════════════════════════════════════════════════╗
║  BTC AUTO-TRADE  10:59:31                        ║
╠══════════════════════════════════════════════════════════════╣
║  💰    75,691.50  |  ATR:    490  |  %b: 0.188 🟢超卖       ║
╠══════════════════════════════════════════════════════════════╣
║  4h: 📉  |  1d: 📉  |  RSI: ⚖️36.8        ║
╠══════════════════════════════════════════════════════════════╣
║  📊 持仓: LONG x 1仓 共0.03 BTC  |  📉-1.41%    ║
║  仓1: SL$74,471 TP$80,613 @ $76,774 (0.03BTC)  ║
╠══════════════════════════════════════════════════════════════╣
║  🎯 做多A║
╚══════════════════════════════════════════════════════════════╝

╔══════════════════════════════════════════════════════════════╗
║  BTC AUTO-TRADE  10:59:42                        ║
╠══════════════════════════════════════════════════════════════╣
║  💰    75,700.00  |  ATR:    490  |  %b: 0.194 🟢超卖       ║
╠══════════════════════════════════════════════════════════════╣
║  4h: 📉  |  1d: 📉  |  RSI: ⚖️37.3        ║
╠══════════════════════════════════════════════════════════════╣
║  📊 持仓: LONG x 1仓 共0.03 BTC  |  📉-1.40%    ║
║  仓1: SL$74,471 TP$80,613 @ $76,774 (0.03BTC)  ║
╠══════════════════════════════════════════════════════════════╣
║  🎯 做多A║
╚══════════════════════════════════════════════════════════════╝

╔══════════════════════════════════════════════════════════════╗
║  BTC AUTO-TRADE  10:59:52                        ║
╠══════════════════════════════════════════════════════════════╣
║  💰    75,712.00  |  ATR:    490  |  %b: 0.203 ⚖️正常       ║
╠══════════════════════════════════════════════════════════════╣
║  4h: 📉  |  1d: 📉  |  RSI: ⚖️38.0        ║
╠══════════════════════════════════════════════════════════════╣
║  📊 持仓: LONG x 1仓 共0.03 BTC  |  📉-1.38%    ║
║  仓1: SL$74,471 TP$80,613 @ $76,774 (0.03BTC)  ║
╠══════════════════════════════════════════════════════════════╣
║  🎯 做多A║
╚══════════════════════════════════════════════════════════════╝

╔══════════════════════════════════════════════════════════════╗
║  BTC AUTO-TRADE  11:00:03                        ║
╠══════════════════════════════════════════════════════════════╣
║  💰    75,650.40  |  ATR:    456  |  %b: 0.191 🟢超卖       ║
╠══════════════════════════════════════════════════════════════╣
║  4h: 📉  |  1d: 📉  |  RSI: ⚖️35.3        ║
╠══════════════════════════════════════════════════════════════╣
║  📊 持仓: LONG x 1仓 共0.03 BTC  |  📉-1.46%    ║
║  仓1: SL$74,471 TP$80,613 @ $76,774 (0.03BTC)  ║
╠══════════════════════════════════════════════════════════════╣
║  🎯 做多A║
╚══════════════════════════════════════════════════════════════╝

╔══════════════════════════════════════════════════════════════╗
║  BTC AUTO-TRADE  11:00:13                        ║
╠══════════════════════════════════════════════════════════════╣
║  💰    75,619.70  |  ATR:    460  |  %b: 0.170 🟢超卖       ║
╠══════════════════════════════════════════════════════════════╣
║  4h: 📉  |  1d: 📉  |  RSI: ⚖️34.3        ║
╠══════════════════════════════════════════════════════════════╣
║  📊 持仓: LONG x 1仓 共0.03 BTC  |  📉-1.50%    ║
║  仓1: SL$74,471 TP$80,613 @ $76,774 (0.03BTC)  ║
╠══════════════════════════════════════════════════════════════╣
║  🎯 做多A║
╚══════════════════════════════════════════════════════════════╝
[11:00:13] ✅ SL/TP检查正常 (交易所查询) 1个仓位全部完整

╔══════════════════════════════════════════════════════════════╗
║  BTC AUTO-TRADE  11:00:24                        ║
╠══════════════════════════════════════════════════════════════╣
║  💰    75,667.50  |  ATR:    460  |  %b: 0.203 ⚖️正常       ║
╠══════════════════════════════════════════════════════════════╣
║  4h: 📉  |  1d: 📉  |  RSI: ⚖️36.0        ║
╠══════════════════════════════════════════════════════════════╣
║  📊 持仓: LONG x 1仓 共0.03 BTC  |  📉-1.44%    ║
║  仓1: SL$74,471 TP$80,613 @ $76,774 (0.03BTC)  ║
╠══════════════════════════════════════════════════════════════╣
║  🎯 做多A║
╚══════════════════════════════════════════════════════════════╝

╔══════════════════════════════════════════════════════════════╗
║  BTC AUTO-TRADE  11:00:34                        ║
╠══════════════════════════════════════════════════════════════╣
║  💰    75,656.30  |  ATR:    460  |  %b: 0.195 🟢超卖       ║
╠══════════════════════════════════════════════════════════════╣
║  4h: 📉  |  1d: 📉  |  RSI: ⚖️35.5        ║
╠══════════════════════════════════════════════════════════════╣
║  📊 持仓: LONG x 1仓 共0.03 BTC  |  📉-1.46%    ║
║  仓1: SL$74,471 TP$80,613 @ $76,774 (0.03BTC)  ║
╠══════════════════════════════════════════════════════════════╣
║  🎯 做多A║
╚══════════════════════════════════════════════════════════════╝

╔══════════════════════════════════════════════════════════════╗
║  BTC AUTO-TRADE  11:00:45                        ║
╠══════════════════════════════════════════════════════════════╣
║  💰    75,650.90  |  ATR:    460  |  %b: 0.191 🟢超卖       ║
╠══════════════════════════════════════════════════════════════╣
║  4h: 📉  |  1d: 📉  |  RSI: ⚖️35.3        ║
╠══════════════════════════════════════════════════════════════╣
║  📊 持仓: LONG x 1仓 共0.03 BTC  |  📉-1.46%    ║
║  仓1: SL$74,471 TP$80,613 @ $76,774 (0.03BTC)  ║
╠══════════════════════════════════════════════════════════════╣
║  🎯 做多A║
╚══════════════════════════════════════════════════════════════╝

╔══════════════════════════════════════════════════════════════╗
║  BTC AUTO-TRADE  11:00:55                        ║
╠══════════════════════════════════════════════════════════════╣
║  💰    75,667.30  |  ATR:    460  |  %b: 0.203 ⚖️正常       ║
╠══════════════════════════════════════════════════════════════╣
║  4h: 📉  |  1d: 📉  |  RSI: ⚖️36.0        ║
╠══════════════════════════════════════════════════════════════╣
║  📊 持仓: LONG x 1仓 共0.03 BTC  |  📉-1.44%    ║
║  仓1: SL$74,471 TP$80,613 @ $76,774 (0.03BTC)  ║
╠══════════════════════════════════════════════════════════════╣
║  🎯 做多A║
╚══════════════════════════════════════════════════════════════╝

╔══════════════════════════════════════════════════════════════╗
║  BTC AUTO-TRADE  11:01:06                        ║
╠══════════════════════════════════════════════════════════════╣
║  💰    75,691.30  |  ATR:    460  |  %b: 0.220 ⚖️正常       ║
╠══════════════════════════════════════════════════════════════╣
║  4h: 📉  |  1d: 📉  |  RSI: ⚖️37.4        ║
╠══════════════════════════════════════════════════════════════╣
║  📊 持仓: LONG x 1仓 共0.03 BTC  |  📉-1.41%    ║
║  仓1: SL$74,471 TP$80,613 @ $76,774 (0.03BTC)  ║
╠══════════════════════════════════════════════════════════════╣
║  🎯 做多A║
╚══════════════════════════════════════════════════════════════╝

╔══════════════════════════════════════════════════════════════╗
║  BTC AUTO-TRADE  11:01:16                        ║
╠══════════════════════════════════════════════════════════════╣
║  💰    75,691.40  |  ATR:    460  |  %b: 0.220 ⚖️正常       ║
╠══════════════════════════════════════════════════════════════╣
║  4h: 📉  |  1d: 📉  |  RSI: ⚖️37.4        ║
╠══════════════════════════════════════════════════════════════╣
║  📊 持仓: LONG x 1仓 共0.03 BTC  |  📉-1.41%    ║
║  仓1: SL$74,471 TP$80,613 @ $76,774 (0.03BTC)  ║
╠══════════════════════════════════════════════════════════════╣
║  🎯 做多A║
╚══════════════════════════════════════════════════════════════╝
[11:01:16] ✅ SL/TP检查正常 (交易所查询) 1个仓位全部完整

╔══════════════════════════════════════════════════════════════╗
║  BTC AUTO-TRADE  11:01:27                        ║
╠══════════════════════════════════════════════════════════════╣
║  💰    75,703.90  |  ATR:    461  |  %b: 0.229 ⚖️正常       ║
╠══════════════════════════════════════════════════════════════╣
║  4h: 📉  |  1d: 📉  |  RSI: ⚖️38.1        ║
╠══════════════════════════════════════════════════════════════╣
║  📊 持仓: LONG x 1仓 共0.03 BTC  |  📉-1.39%    ║
║  仓1: SL$74,471 TP$80,613 @ $76,774 (0.03BTC)  ║
╠══════════════════════════════════════════════════════════════╣
║  🎯 做多A║
╚══════════════════════════════════════════════════════════════╝

╔══════════════════════════════════════════════════════════════╗
║  BTC AUTO-TRADE  11:01:37                        ║
╠══════════════════════════════════════════════════════════════╣
║  💰    75,723.40  |  ATR:    463  |  %b: 0.244 ⚖️正常       ║
╠══════════════════════════════════════════════════════════════╣
║  4h: 📉  |  1d: 📉  |  RSI: ⚖️39.2        ║
╠══════════════════════════════════════════════════════════════╣
║  📊 持仓: LONG x 1仓 共0.03 BTC  |  📉-1.37%    ║
║  仓1: SL$74,471 TP$80,613 @ $76,774 (0.03BTC)  ║
╠══════════════════════════════════════════════════════════════╣
║  🎯 做多A║
╚══════════════════════════════════════════════════════════════╝

╔══════════════════════════════════════════════════════════════╗
║  BTC AUTO-TRADE  11:01:48                        ║
╠══════════════════════════════════════════════════════════════╣
║  💰    75,715.10  |  ATR:    463  |  %b: 0.238 ⚖️正常       ║
╠══════════════════════════════════════════════════════════════╣
║  4h: 📉  |  1d: 📉  |  RSI: ⚖️38.8        ║
╠══════════════════════════════════════════════════════════════╣
║  📊 持仓: LONG x 1仓 共0.03 BTC  |  📉-1.38%    ║
║  仓1: SL$74,471 TP$80,613 @ $76,774 (0.03BTC)  ║
╠══════════════════════════════════════════════════════════════╣
║  🎯 做多A║
╚══════════════════════════════════════════════════════════════╝

╔══════════════════════════════════════════════════════════════╗
║  BTC AUTO-TRADE  11:01:58                        ║
╠══════════════════════════════════════════════════════════════╣
║  💰    75,703.00  |  ATR:    463  |  %b: 0.229 ⚖️正常       ║
╠══════════════════════════════════════════════════════════════╣
║  4h: 📉  |  1d: 📉  |  RSI: ⚖️38.1        ║
╠══════════════════════════════════════════════════════════════╣
║  📊 持仓: LONG x 1仓 共0.03 BTC  |  📉-1.40%    ║
║  仓1: SL$74,471 TP$80,613 @ $76,774 (0.03BTC)  ║
╠══════════════════════════════════════════════════════════════╣
║  🎯 做多A║
╚══════════════════════════════════════════════════════════════╝

╔══════════════════════════════════════════════════════════════╗
║  BTC AUTO-TRADE  11:02:08                        ║
╠══════════════════════════════════════════════════════════════╣
║  💰    75,706.30  |  ATR:    463  |  %b: 0.231 ⚖️正常       ║
╠══════════════════════════════════════════════════════════════╣
║  4h: 📉  |  1d: 📉  |  RSI: ⚖️38.3        ║
╠══════════════════════════════════════════════════════════════╣
║  📊 持仓: LONG x 1仓 共0.03 BTC  |  📉-1.39%    ║
║  仓1: SL$74,471 TP$80,613 @ $76,774 (0.03BTC)  ║
╠══════════════════════════════════════════════════════════════╣
║  🎯 做多A║
╚══════════════════════════════════════════════════════════════╝

╔══════════════════════════════════════════════════════════════╗
║  BTC AUTO-TRADE  11:02:19                        ║
╠══════════════════════════════════════════════════════════════╣
║  💰    75,700.00  |  ATR:    463  |  %b: 0.227 ⚖️正常       ║
╠══════════════════════════════════════════════════════════════╣
║  4h: 📉  |  1d: 📉  |  RSI: ⚖️37.9        ║
╠══════════════════════════════════════════════════════════════╣
║  📊 持仓: LONG x 1仓 共0.03 BTC  |  📉-1.40%    ║
║  仓1: SL$74,471 TP$80,613 @ $76,774 (0.03BTC)  ║
╠══════════════════════════════════════════════════════════════╣
║  🎯 做多A║
╚══════════════════════════════════════════════════════════════╝
[11:02:19] ✅ SL/TP检查正常 (交易所查询) 1个仓位全部完整

╔══════════════════════════════════════════════════════════════╗
║  BTC AUTO-TRADE  11:02:29                        ║
╠══════════════════════════════════════════════════════════════╣
║  💰    75,708.60  |  ATR:    463  |  %b: 0.233 ⚖️正常       ║
╠══════════════════════════════════════════════════════════════╣
║  4h: 📉  |  1d: 📉  |  RSI: ⚖️38.4        ║
╠══════════════════════════════════════════════════════════════╣
║  📊 持仓: LONG x 1仓 共0.03 BTC  |  📉-1.39%    ║
║  仓1: SL$74,471 TP$80,613 @ $76,774 (0.03BTC)  ║
╠══════════════════════════════════════════════════════════════╣
║  🎯 做多A║
╚══════════════════════════════════════════════════════════════╝
