[10:25:53] ==================================================
[10:25:53] HYPE v4.0 EMA3/10 5m策略启动
[10:25:53] QTY=3 | LEV=25x | TP=3.0% | SL=4.5%
[10:25:53] EMA3/10方向 + ADX1h>27↑ + ADX4h<50
[10:25:53] 量比>3.0x | SMA10±1.5% | RSI>40/<60
[10:25:53] 仓位: 2仓/边
[10:25:53] ==================================================
[10:25:55] 杠杆设置: binance {"code":-4300,"msg":"You can start trading with more than 20x leverage by 2026-06-11 06:01 (UTC), because higher leverage is available 30 days after Futures account registration."}
[10:25:56] 同步: L0 S0
[10:26:07] 循环异常: name 'ema5' is not defined
[10:27:17] 循环异常: name 'ema5' is not defined
[10:28:27] 循环异常: name 'ema5' is not defined
[10:29:38] 循环异常: name 'ema5' is not defined
[10:30:48] 循环异常: name 'ema5' is not defined
[10:31:59] 循环异常: name 'ema5' is not defined
[10:33:09] 循环异常: name 'ema5' is not defined
[10:34:20] 循环异常: name 'ema5' is not defined
[10:35:30] 循环异常: name 'ema5' is not defined
[10:36:41] 循环异常: name 'ema5' is not defined
[10:37:51] 循环异常: name 'ema5' is not defined
[10:39:02] 循环异常: name 'ema5' is not defined
[10:40:14] 循环异常: name 'ema5' is not defined
[10:40:48] ==================================================
[10:40:48] HYPE v4.0 EMA3/10 5m策略启动
[10:40:48] QTY=3 | LEV=25x | TP=3.0% | SL=4.5%
[10:40:48] EMA3/10方向 + ADX1h>27↑ + ADX4h<50
[10:40:48] 量比>3.0x | SMA10±1.5% | RSI>40/<60
[10:40:48] 仓位: 2仓/边
[10:40:48] ==================================================
[10:40:51] 杠杆设置: binance {"code":-4300,"msg":"You can start trading with more than 20x leverage by 2026-06-11 06:01 (UTC), because higher leverage is available 30 days after Futures account registration."}
[10:40:51] 同步: L0 S0
[10:41:02] 循环异常: name 'ema5' is not defined
[10:41:26] ==================================================
[10:41:26] HYPE v4.0 EMA3/10 5m策略启动
[10:41:26] QTY=3 | LEV=25x | TP=3.0% | SL=4.5%
[10:41:26] EMA3/10方向 + ADX1h>27↑ + ADX4h<50
[10:41:26] 量比>3.0x | SMA10±1.5% | RSI>40/<60
[10:41:26] 仓位: 2仓/边
[10:41:26] ==================================================
[10:41:29] 杠杆设置: binance {"code":-4300,"msg":"You can start trading with more than 20x leverage by 2026-06-11 06:01 (UTC), because higher leverage is available 30 days after Futures account registration."}
[10:41:29] 同步: L0 S0
[10:41:40] 循环异常: name 'ema5' is not defined
[10:42:50] 循环异常: name 'ema5' is not defined
[10:44:01] 循环异常: name 'ema5' is not defined
[10:45:14] 循环异常: name 'ema5' is not defined
[10:46:24] 循环异常: name 'ema5' is not defined
[10:47:35] 循环异常: name 'ema5' is not defined
[10:48:45] 循环异常: name 'ema5' is not defined
[10:49:56] 循环异常: name 'ema5' is not defined
[10:51:06] 循环异常: name 'ema5' is not defined
[10:52:17] 循环异常: name 'ema5' is not defined
[10:53:27] 循环异常: name 'ema5' is not defined
[10:54:37] 循环异常: name 'ema5' is not defined
[10:55:48] 循环异常: name 'ema5' is not defined
[10:56:58] 循环异常: name 'ema5' is not defined
[10:58:09] 循环异常: name 'ema5' is not defined
[10:59:19] 循环异常: name 'ema5' is not defined
[11:00:30] 循环异常: name 'ema5' is not defined
[11:01:15] ==================================================
[11:01:15] HYPE v4.0 EMA3/10 5m策略启动
[11:01:15] QTY=3 | LEV=20x | TP=3.0% | SL=4.5%
[11:01:15] EMA3/10方向 + ADX1h>27↑ + ADX4h<50
[11:01:15] 量比>3.0x | SMA10±1.5% | RSI>40/<60
[11:01:15] 仓位: 2仓/边
[11:01:15] ==================================================
[11:01:18] 杠杆 20x 逐仓 已设置
[11:01:18] 同步: L0 S0
[11:01:29] 循环异常: name 'ema5' is not defined
[11:02:39] 循环异常: name 'ema5' is not defined
[11:03:50] 循环异常: name 'ema5' is not defined
[11:05:00] 循环异常: name 'ema5' is not defined
[11:06:11] 循环异常: name 'ema5' is not defined
[11:07:21] 循环异常: name 'ema5' is not defined
[11:08:31] 循环异常: name 'ema5' is not defined
[11:09:42] 循环异常: name 'ema5' is not defined
[11:10:52] 循环异常: name 'ema5' is not defined
[11:12:03] 循环异常: name 'ema5' is not defined
[11:13:13] 循环异常: name 'ema5' is not defined
[11:14:24] 循环异常: name 'ema5' is not defined
[11:15:34] 循环异常: name 'ema5' is not defined
[11:16:45] 循环异常: name 'ema5' is not defined
[11:17:55] 循环异常: name 'ema5' is not defined
[11:19:06] 循环异常: name 'ema5' is not defined
[11:20:16] 循环异常: name 'ema5' is not defined
[11:21:27] 循环异常: name 'ema5' is not defined
[11:22:37] 循环异常: name 'ema5' is not defined
[11:23:47] 循环异常: name 'ema5' is not defined
[11:24:58] 循环异常: name 'ema5' is not defined
[11:26:08] 循环异常: name 'ema5' is not defined
[11:27:19] 循环异常: name 'ema5' is not defined
[11:28:29] 循环异常: name 'ema5' is not defined
[11:29:40] 循环异常: name 'ema5' is not defined
[11:30:50] 循环异常: name 'ema5' is not defined
[11:32:01] 循环异常: name 'ema5' is not defined
[11:33:11] 循环异常: name 'ema5' is not defined
[11:34:21] 循环异常: name 'ema5' is not defined
[11:35:32] 循环异常: name 'ema5' is not defined
[11:36:42] 循环异常: name 'ema5' is not defined
[11:37:53] 循环异常: name 'ema5' is not defined
[11:39:03] 循环异常: name 'ema5' is not defined
[11:40:14] 循环异常: name 'ema5' is not defined
[11:41:24] 循环异常: name 'ema5' is not defined
[11:42:35] 循环异常: name 'ema5' is not defined
[11:43:45] 循环异常: name 'ema5' is not defined
[11:44:55] 循环异常: name 'ema5' is not defined
[11:46:06] 循环异常: name 'ema5' is not defined
[11:47:16] 循环异常: name 'ema5' is not defined
[11:48:27] 循环异常: name 'ema5' is not defined
[11:49:37] 循环异常: name 'ema5' is not defined
[11:50:48] 循环异常: name 'ema5' is not defined
[11:51:58] 循环异常: name 'ema5' is not defined
[11:53:09] 循环异常: name 'ema5' is not defined
[11:54:19] 循环异常: name 'ema5' is not defined
[11:55:30] 循环异常: name 'ema5' is not defined
[11:56:40] 循环异常: name 'ema5' is not defined
[11:57:50] 循环异常: name 'ema5' is not defined
[11:59:01] 循环异常: name 'ema5' is not defined
[12:00:16] 循环异常: name 'ema5' is not defined
[12:01:26] 循环异常: name 'ema5' is not defined
[12:02:37] 循环异常: name 'ema5' is not defined
[12:03:47] 循环异常: name 'ema5' is not defined
[12:04:57] 循环异常: name 'ema5' is not defined
[12:06:08] 循环异常: name 'ema5' is not defined
[12:07:18] 循环异常: name 'ema5' is not defined
[12:08:29] 循环异常: name 'ema5' is not defined
[12:09:39] 循环异常: name 'ema5' is not defined
[12:10:50] 循环异常: name 'ema5' is not defined
[12:12:00] 循环异常: name 'ema5' is not defined
[12:13:10] 循环异常: name 'ema5' is not defined
[12:14:21] 循环异常: name 'ema5' is not defined
[12:15:32] 循环异常: name 'ema5' is not defined
[12:16:42] 循环异常: name 'ema5' is not defined
[12:17:52] 循环异常: name 'ema5' is not defined
[12:19:03] 循环异常: name 'ema5' is not defined
[12:20:13] 循环异常: name 'ema5' is not defined
[12:21:24] 循环异常: name 'ema5' is not defined
[12:22:34] 循环异常: name 'ema5' is not defined
[12:23:45] 循环异常: name 'ema5' is not defined
[12:24:55] 循环异常: name 'ema5' is not defined
[12:26:06] 循环异常: name 'ema5' is not defined
[12:27:16] 循环异常: name 'ema5' is not defined
[12:28:27] 循环异常: name 'ema5' is not defined
[12:29:37] 循环异常: name 'ema5' is not defined
[12:30:47] 循环异常: name 'ema5' is not defined
[12:31:58] 循环异常: name 'ema5' is not defined
[12:33:08] 循环异常: name 'ema5' is not defined
[12:34:19] 循环异常: name 'ema5' is not defined
[12:35:29] 循环异常: name 'ema5' is not defined
[12:36:40] 循环异常: name 'ema5' is not defined
[12:37:50] 循环异常: name 'ema5' is not defined
[12:39:00] 循环异常: name 'ema5' is not defined
[12:40:12] 循环异常: name 'ema5' is not defined
[12:41:22] 循环异常: name 'ema5' is not defined
[12:42:32] 循环异常: name 'ema5' is not defined
[12:43:43] 循环异常: name 'ema5' is not defined
[12:44:53] 循环异常: name 'ema5' is not defined
[12:46:04] 循环异常: name 'ema5' is not defined
[12:47:15] 循环异常: name 'ema5' is not defined
[12:48:25] 循环异常: name 'ema5' is not defined
[12:49:35] 循环异常: name 'ema5' is not defined
[12:50:46] 循环异常: name 'ema5' is not defined
[12:51:56] 循环异常: name 'ema5' is not defined
[12:53:07] 循环异常: name 'ema5' is not defined
[12:54:17] 循环异常: name 'ema5' is not defined
[12:55:28] 循环异常: name 'ema5' is not defined
[12:56:38] 循环异常: name 'ema5' is not defined
[12:57:48] 循环异常: name 'ema5' is not defined
[12:58:59] 循环异常: name 'ema5' is not defined
[13:00:09] 循环异常: name 'ema5' is not defined
[13:01:20] 循环异常: name 'ema5' is not defined
[13:02:30] 循环异常: name 'ema5' is not defined
[13:03:41] 循环异常: name 'ema5' is not defined
[13:04:51] 循环异常: name 'ema5' is not defined
[13:06:02] 循环异常: name 'ema5' is not defined
[13:07:12] 循环异常: name 'ema5' is not defined
[13:08:23] 循环异常: name 'ema5' is not defined
[13:09:33] 循环异常: name 'ema5' is not defined
[13:10:43] 循环异常: name 'ema5' is not defined
[13:11:54] 循环异常: name 'ema5' is not defined
[13:13:04] 循环异常: name 'ema5' is not defined
[13:14:15] 循环异常: name 'ema5' is not defined
[13:15:25] 循环异常: name 'ema5' is not defined
[13:16:36] 循环异常: name 'ema5' is not defined
[13:17:46] 循环异常: name 'ema5' is not defined
[13:18:57] 循环异常: name 'ema5' is not defined
[13:20:07] 循环异常: name 'ema5' is not defined
[13:21:18] 循环异常: name 'ema5' is not defined
[13:22:28] 循环异常: name 'ema5' is not defined
[13:23:39] 循环异常: name 'ema5' is not defined
[13:24:49] 循环异常: name 'ema5' is not defined
[13:26:00] 循环异常: name 'ema5' is not defined
[13:27:10] 循环异常: name 'ema5' is not defined
[13:28:20] 循环异常: name 'ema5' is not defined
[13:29:31] 循环异常: name 'ema5' is not defined
[13:30:41] 循环异常: name 'ema5' is not defined
[13:31:52] 循环异常: name 'ema5' is not defined
[13:33:02] 循环异常: name 'ema5' is not defined
[13:34:13] 循环异常: name 'ema5' is not defined
[13:35:23] 循环异常: name 'ema5' is not defined
[13:36:34] 循环异常: name 'ema5' is not defined
[13:37:44] 循环异常: name 'ema5' is not defined
[13:38:55] 循环异常: name 'ema5' is not defined
[13:40:05] 循环异常: name 'ema5' is not defined
[13:41:15] 循环异常: name 'ema5' is not defined
[13:42:26] 循环异常: name 'ema5' is not defined
[13:43:36] 循环异常: name 'ema5' is not defined
[13:44:47] 循环异常: name 'ema5' is not defined
[13:45:57] 循环异常: name 'ema5' is not defined
[13:47:08] 循环异常: name 'ema5' is not defined
[13:48:18] 循环异常: name 'ema5' is not defined
[13:49:29] 循环异常: name 'ema5' is not defined
[13:50:39] 循环异常: name 'ema5' is not defined
[13:51:49] 循环异常: name 'ema5' is not defined
[13:53:00] 循环异常: name 'ema5' is not defined
[13:54:10] 循环异常: name 'ema5' is not defined
[13:55:21] 循环异常: name 'ema5' is not defined
[13:56:31] 循环异常: name 'ema5' is not defined
[13:57:42] 循环异常: name 'ema5' is not defined
[13:58:52] 循环异常: name 'ema5' is not defined
[14:00:06] 循环异常: name 'ema5' is not defined
[14:01:13] 循环异常: name 'ema5' is not defined
[14:02:23] 循环异常: name 'ema5' is not defined
[14:03:34] 循环异常: name 'ema5' is not defined
[14:04:44] 循环异常: name 'ema5' is not defined
[14:05:55] 循环异常: name 'ema5' is not defined
[14:07:05] 循环异常: name 'ema5' is not defined
[14:08:16] 循环异常: name 'ema5' is not defined
[14:09:26] 循环异常: name 'ema5' is not defined
[14:10:37] 循环异常: name 'ema5' is not defined
[14:11:47] 循环异常: name 'ema5' is not defined
[14:12:57] 循环异常: name 'ema5' is not defined
[14:14:08] 循环异常: name 'ema5' is not defined
[14:15:18] 循环异常: name 'ema5' is not defined
[14:16:29] 循环异常: name 'ema5' is not defined
[14:17:39] 循环异常: name 'ema5' is not defined
[14:18:50] 循环异常: name 'ema5' is not defined
[14:20:00] 循环异常: name 'ema5' is not defined
[14:21:11] 循环异常: name 'ema5' is not defined
[14:22:21] 循环异常: name 'ema5' is not defined
[14:23:31] 循环异常: name 'ema5' is not defined
[14:24:42] 循环异常: name 'ema5' is not defined
[14:25:52] 循环异常: name 'ema5' is not defined
[14:27:03] 循环异常: name 'ema5' is not defined
[14:28:13] 循环异常: name 'ema5' is not defined
[14:29:24] 循环异常: name 'ema5' is not defined
[14:30:34] 循环异常: name 'ema5' is not defined
[14:31:45] 循环异常: name 'ema5' is not defined
[14:32:55] 循环异常: name 'ema5' is not defined
[14:34:06] 循环异常: name 'ema5' is not defined
[14:35:16] 循环异常: name 'ema5' is not defined
[14:36:26] 循环异常: name 'ema5' is not defined
[14:37:37] 循环异常: name 'ema5' is not defined
[14:38:47] 循环异常: name 'ema5' is not defined
[14:39:58] 循环异常: name 'ema5' is not defined
[14:41:08] 循环异常: name 'ema5' is not defined
[14:42:19] 循环异常: name 'ema5' is not defined
[14:43:29] 循环异常: name 'ema5' is not defined
[14:44:40] 循环异常: name 'ema5' is not defined
[14:45:50] 循环异常: name 'ema5' is not defined
[14:47:00] 循环异常: name 'ema5' is not defined
[14:48:11] 循环异常: name 'ema5' is not defined
[14:49:21] 循环异常: name 'ema5' is not defined
[14:50:32] 循环异常: name 'ema5' is not defined
[14:51:42] 循环异常: name 'ema5' is not defined
[14:52:53] 循环异常: name 'ema5' is not defined
[14:54:03] 循环异常: name 'ema5' is not defined
[14:55:14] 循环异常: name 'ema5' is not defined
[14:56:24] 循环异常: name 'ema5' is not defined
[14:57:34] 循环异常: name 'ema5' is not defined
[14:58:45] 循环异常: name 'ema5' is not defined
[14:59:55] 循环异常: name 'ema5' is not defined
[15:01:06] 循环异常: name 'ema5' is not defined
[15:02:16] 循环异常: name 'ema5' is not defined
[15:03:27] 循环异常: name 'ema5' is not defined
[15:04:37] 循环异常: name 'ema5' is not defined
[15:05:48] 循环异常: name 'ema5' is not defined
[15:06:58] 循环异常: name 'ema5' is not defined
[15:08:09] 循环异常: name 'ema5' is not defined
[15:09:19] 循环异常: name 'ema5' is not defined
[15:10:30] 循环异常: name 'ema5' is not defined
[15:11:40] 循环异常: name 'ema5' is not defined
[15:12:51] 循环异常: name 'ema5' is not defined
[15:14:01] 循环异常: name 'ema5' is not defined
[15:15:12] 循环异常: name 'ema5' is not defined
[15:16:22] 循环异常: name 'ema5' is not defined
[15:17:32] 循环异常: name 'ema5' is not defined
[15:18:43] 循环异常: name 'ema5' is not defined
[15:19:53] 循环异常: name 'ema5' is not defined
[15:21:04] 循环异常: name 'ema5' is not defined
[15:22:14] 循环异常: name 'ema5' is not defined
[15:23:25] 循环异常: name 'ema5' is not defined
[15:24:35] 循环异常: name 'ema5' is not defined
[15:25:46] 循环异常: name 'ema5' is not defined
[15:26:56] 循环异常: name 'ema5' is not defined
[15:28:06] 循环异常: name 'ema5' is not defined
[15:29:17] 循环异常: name 'ema5' is not defined
[15:30:27] 循环异常: name 'ema5' is not defined
[15:31:38] 循环异常: name 'ema5' is not defined
[15:32:48] 循环异常: name 'ema5' is not defined
[15:33:59] 循环异常: name 'ema5' is not defined
[15:35:09] 循环异常: name 'ema5' is not defined
[15:36:20] 循环异常: name 'ema5' is not defined
[15:37:30] 循环异常: name 'ema5' is not defined
[15:38:40] 循环异常: name 'ema5' is not defined
[15:39:51] 循环异常: name 'ema5' is not defined
[15:41:01] 循环异常: name 'ema5' is not defined
[15:42:12] 循环异常: name 'ema5' is not defined
[15:43:22] 循环异常: name 'ema5' is not defined
[15:44:33] 循环异常: name 'ema5' is not defined
[15:45:43] 循环异常: name 'ema5' is not defined
[15:46:54] 循环异常: name 'ema5' is not defined
[15:48:04] 循环异常: name 'ema5' is not defined
[15:49:15] 循环异常: name 'ema5' is not defined
[15:50:25] 循环异常: name 'ema5' is not defined
[15:51:35] 循环异常: name 'ema5' is not defined
[15:52:46] 循环异常: name 'ema5' is not defined
[15:53:56] 循环异常: name 'ema5' is not defined
[15:55:07] 循环异常: name 'ema5' is not defined
[15:56:17] 循环异常: name 'ema5' is not defined
[15:57:28] 循环异常: name 'ema5' is not defined
[15:58:38] 循环异常: name 'ema5' is not defined
[15:59:49] 循环异常: name 'ema5' is not defined
[16:00:59] 循环异常: name 'ema5' is not defined
[16:02:10] 循环异常: name 'ema5' is not defined
[16:03:20] 循环异常: name 'ema5' is not defined
[16:04:31] 循环异常: name 'ema5' is not defined
[16:05:41] 循环异常: name 'ema5' is not defined
[16:06:52] 循环异常: name 'ema5' is not defined
[16:08:02] 循环异常: name 'ema5' is not defined
[16:09:12] 循环异常: name 'ema5' is not defined
[16:10:23] 循环异常: name 'ema5' is not defined
[16:11:33] 循环异常: name 'ema5' is not defined
[16:12:44] 循环异常: name 'ema5' is not defined
[16:13:54] 循环异常: name 'ema5' is not defined
[16:15:05] 循环异常: name 'ema5' is not defined
[16:16:15] 循环异常: name 'ema5' is not defined
[16:17:25] 循环异常: name 'ema5' is not defined
[16:18:36] 循环异常: name 'ema5' is not defined
[16:19:47] 循环异常: name 'ema5' is not defined
[16:20:57] 循环异常: name 'ema5' is not defined
[16:22:07] 循环异常: name 'ema5' is not defined
[16:23:18] 循环异常: name 'ema5' is not defined
[16:24:28] 循环异常: name 'ema5' is not defined
[16:25:39] 循环异常: name 'ema5' is not defined
[16:26:49] 循环异常: name 'ema5' is not defined
[16:28:00] 循环异常: name 'ema5' is not defined
[16:29:10] 循环异常: name 'ema5' is not defined
[16:30:21] 循环异常: name 'ema5' is not defined
[16:31:31] 循环异常: name 'ema5' is not defined
[16:32:42] 循环异常: name 'ema5' is not defined
[16:33:52] 循环异常: name 'ema5' is not defined
[16:35:03] 循环异常: name 'ema5' is not defined
[16:36:13] 循环异常: name 'ema5' is not defined
[16:37:23] 循环异常: name 'ema5' is not defined
[16:38:34] 循环异常: name 'ema5' is not defined
[16:39:44] 循环异常: name 'ema5' is not defined
[16:40:55] 循环异常: name 'ema5' is not defined
[16:42:05] 循环异常: name 'ema5' is not defined
[16:43:16] 循环异常: name 'ema5' is not defined
[16:44:26] 循环异常: name 'ema5' is not defined
[16:45:37] 循环异常: name 'ema5' is not defined
[16:46:47] 循环异常: name 'ema5' is not defined
[16:47:58] 循环异常: name 'ema5' is not defined
[16:49:08] 循环异常: name 'ema5' is not defined
[16:50:18] 循环异常: name 'ema5' is not defined
[16:51:29] 循环异常: name 'ema5' is not defined
[16:52:39] 循环异常: name 'ema5' is not defined
[16:53:50] 循环异常: name 'ema5' is not defined
[16:55:00] 循环异常: name 'ema5' is not defined
[16:56:11] 循环异常: name 'ema5' is not defined
[16:57:21] 循环异常: name 'ema5' is not defined
[16:58:32] 循环异常: name 'ema5' is not defined
[16:59:42] 循环异常: name 'ema5' is not defined
[17:00:52] 循环异常: name 'ema5' is not defined
[17:02:03] 循环异常: name 'ema5' is not defined
[17:03:13] 循环异常: name 'ema5' is not defined
[17:04:24] 循环异常: name 'ema5' is not defined
[17:05:34] 循环异常: name 'ema5' is not defined
[17:06:45] 循环异常: name 'ema5' is not defined
[17:07:55] 循环异常: name 'ema5' is not defined
[17:09:06] 循环异常: name 'ema5' is not defined
[17:10:16] 循环异常: name 'ema5' is not defined
[17:11:26] 循环异常: name 'ema5' is not defined
[17:12:37] 循环异常: name 'ema5' is not defined
[17:13:47] 循环异常: name 'ema5' is not defined
[17:14:58] 循环异常: name 'ema5' is not defined
[17:16:08] 循环异常: name 'ema5' is not defined
[17:17:19] 循环异常: name 'ema5' is not defined
[17:18:29] 循环异常: name 'ema5' is not defined
[17:19:40] 循环异常: name 'ema5' is not defined
[17:20:50] 循环异常: name 'ema5' is not defined
[17:22:00] 循环异常: name 'ema5' is not defined
[17:23:11] 循环异常: name 'ema5' is not defined
[17:24:21] 循环异常: name 'ema5' is not defined
[17:25:32] 循环异常: name 'ema5' is not defined
[17:26:42] 循环异常: name 'ema5' is not defined
[17:27:53] 循环异常: name 'ema5' is not defined
[17:29:03] 循环异常: name 'ema5' is not defined
[17:30:13] 循环异常: name 'ema5' is not defined
[17:31:24] 循环异常: name 'ema5' is not defined
[17:32:34] 循环异常: name 'ema5' is not defined
[17:33:45] 循环异常: name 'ema5' is not defined
[17:34:55] 循环异常: name 'ema5' is not defined
[17:36:06] 循环异常: name 'ema5' is not defined
[17:37:16] 循环异常: name 'ema5' is not defined
[17:38:27] 循环异常: name 'ema5' is not defined
[17:39:37] 循环异常: name 'ema5' is not defined
[17:40:48] 循环异常: name 'ema5' is not defined
[17:41:58] 循环异常: name 'ema5' is not defined
[17:43:08] 循环异常: name 'ema5' is not defined
[17:44:19] 循环异常: name 'ema5' is not defined
[17:45:29] 循环异常: name 'ema5' is not defined
[17:46:40] 循环异常: name 'ema5' is not defined
[17:47:50] 循环异常: name 'ema5' is not defined
[17:49:01] 循环异常: name 'ema5' is not defined
[17:50:11] 循环异常: name 'ema5' is not defined
[17:51:22] 循环异常: name 'ema5' is not defined
[17:52:32] 循环异常: name 'ema5' is not defined
[17:53:43] 循环异常: name 'ema5' is not defined
[17:54:53] 循环异常: name 'ema5' is not defined
[17:56:04] 循环异常: name 'ema5' is not defined
[17:57:14] 循环异常: name 'ema5' is not defined
[17:58:25] 循环异常: name 'ema5' is not defined
[17:59:35] 循环异常: name 'ema5' is not defined
[18:00:45] 循环异常: name 'ema5' is not defined
[18:01:56] 循环异常: name 'ema5' is not defined
[18:03:06] 循环异常: name 'ema5' is not defined
[18:04:17] 循环异常: name 'ema5' is not defined
[18:05:27] 循环异常: name 'ema5' is not defined
[18:06:38] 循环异常: name 'ema5' is not defined
[18:07:48] 循环异常: name 'ema5' is not defined
[18:08:58] 循环异常: name 'ema5' is not defined
[18:10:09] 循环异常: name 'ema5' is not defined
[18:11:19] 循环异常: name 'ema5' is not defined
[18:12:30] 循环异常: name 'ema5' is not defined
[18:13:40] 循环异常: name 'ema5' is not defined
[18:14:51] 循环异常: name 'ema5' is not defined
[18:16:01] 循环异常: name 'ema5' is not defined
[18:17:12] 循环异常: name 'ema5' is not defined
[18:18:22] 循环异常: name 'ema5' is not defined
[18:19:33] 循环异常: name 'ema5' is not defined
[18:20:43] 循环异常: name 'ema5' is not defined
[18:21:53] 循环异常: name 'ema5' is not defined
[18:23:04] 循环异常: name 'ema5' is not defined
[18:24:14] 循环异常: name 'ema5' is not defined
[18:25:25] 循环异常: name 'ema5' is not defined
[18:26:35] 循环异常: name 'ema5' is not defined
[18:27:46] 循环异常: name 'ema5' is not defined
[18:28:56] 循环异常: name 'ema5' is not defined
[18:30:07] 循环异常: name 'ema5' is not defined
[18:31:17] 循环异常: name 'ema5' is not defined
[18:32:28] 循环异常: name 'ema5' is not defined
[18:33:38] 循环异常: name 'ema5' is not defined
[18:34:48] 循环异常: name 'ema5' is not defined
[18:35:59] 循环异常: name 'ema5' is not defined
[18:37:09] 循环异常: name 'ema5' is not defined
[18:38:20] 循环异常: name 'ema5' is not defined
[18:39:30] 循环异常: name 'ema5' is not defined
[18:40:40] 循环异常: name 'ema5' is not defined
[18:41:51] 循环异常: name 'ema5' is not defined
[18:43:01] 循环异常: name 'ema5' is not defined
[18:44:12] 循环异常: name 'ema5' is not defined
[18:45:22] 循环异常: name 'ema5' is not defined
[18:46:33] 循环异常: name 'ema5' is not defined
[18:47:43] 循环异常: name 'ema5' is not defined
[18:48:54] 循环异常: name 'ema5' is not defined
[18:50:04] 循环异常: name 'ema5' is not defined
[18:51:15] 循环异常: name 'ema5' is not defined
[18:52:25] 循环异常: name 'ema5' is not defined
[18:53:35] 循环异常: name 'ema5' is not defined
[18:54:46] 循环异常: name 'ema5' is not defined
[18:55:56] 循环异常: name 'ema5' is not defined
[18:57:07] 循环异常: name 'ema5' is not defined
[18:58:17] 循环异常: name 'ema5' is not defined
[18:59:28] 循环异常: name 'ema5' is not defined
[19:00:38] 循环异常: name 'ema5' is not defined
[19:01:49] 循环异常: name 'ema5' is not defined
[19:02:59] 循环异常: name 'ema5' is not defined
[19:04:09] 循环异常: name 'ema5' is not defined
[19:05:20] 循环异常: name 'ema5' is not defined
[19:06:30] 循环异常: name 'ema5' is not defined
[19:07:41] 循环异常: name 'ema5' is not defined
[19:08:51] 循环异常: name 'ema5' is not defined
[19:10:05] 循环异常: name 'ema5' is not defined
[19:11:12] 循环异常: name 'ema5' is not defined
[19:12:23] 循环异常: name 'ema5' is not defined
[19:13:33] 循环异常: name 'ema5' is not defined
[19:14:44] 循环异常: name 'ema5' is not defined
[19:15:54] 循环异常: name 'ema5' is not defined
[19:17:05] 循环异常: name 'ema5' is not defined
[19:18:15] 循环异常: name 'ema5' is not defined
[19:19:25] 循环异常: name 'ema5' is not defined
[19:20:36] 循环异常: name 'ema5' is not defined
[19:21:46] 循环异常: name 'ema5' is not defined
[19:22:57] 循环异常: name 'ema5' is not defined
[19:24:07] 循环异常: name 'ema5' is not defined
[19:25:18] 循环异常: name 'ema5' is not defined
[19:26:28] 循环异常: name 'ema5' is not defined
[19:27:39] 循环异常: name 'ema5' is not defined
[19:28:49] 循环异常: name 'ema5' is not defined
[19:30:00] 循环异常: name 'ema5' is not defined
[19:31:10] 循环异常: name 'ema5' is not defined
[19:32:21] 循环异常: name 'ema5' is not defined
[19:33:31] 循环异常: name 'ema5' is not defined
[19:34:41] 循环异常: name 'ema5' is not defined
[19:35:52] 循环异常: name 'ema5' is not defined
[19:37:02] 循环异常: name 'ema5' is not defined
[19:38:13] 循环异常: name 'ema5' is not defined
[19:39:23] 循环异常: name 'ema5' is not defined
[19:40:34] 循环异常: name 'ema5' is not defined
[19:41:44] 循环异常: name 'ema5' is not defined
[19:42:55] 循环异常: name 'ema5' is not defined
[19:44:05] 循环异常: name 'ema5' is not defined
[19:45:16] 循环异常: name 'ema5' is not defined
[19:46:26] 循环异常: name 'ema5' is not defined
[19:47:37] 循环异常: name 'ema5' is not defined
[19:48:47] 循环异常: name 'ema5' is not defined
[19:49:58] 循环异常: name 'ema5' is not defined
[19:51:08] 循环异常: name 'ema5' is not defined
[19:52:18] 循环异常: name 'ema5' is not defined
[19:53:29] 循环异常: name 'ema5' is not defined
[19:54:40] 循环异常: name 'ema5' is not defined
[19:55:50] 循环异常: name 'ema5' is not defined
[19:57:00] 循环异常: name 'ema5' is not defined
[19:58:11] 循环异常: name 'ema5' is not defined
[19:59:22] 循环异常: name 'ema5' is not defined
[20:00:32] 循环异常: name 'ema5' is not defined
[20:01:42] 循环异常: name 'ema5' is not defined
[20:02:53] 循环异常: name 'ema5' is not defined
[20:04:03] 循环异常: name 'ema5' is not defined
[20:05:14] 循环异常: name 'ema5' is not defined
[20:06:24] 循环异常: name 'ema5' is not defined
[20:07:34] 循环异常: name 'ema5' is not defined
[20:08:45] 循环异常: name 'ema5' is not defined
[20:09:55] 循环异常: name 'ema5' is not defined
[20:11:06] 循环异常: name 'ema5' is not defined
[20:12:16] 循环异常: name 'ema5' is not defined
[20:13:27] 循环异常: name 'ema5' is not defined
[20:14:37] 循环异常: name 'ema5' is not defined
[20:15:48] 循环异常: name 'ema5' is not defined
[20:16:58] 循环异常: name 'ema5' is not defined
[20:18:09] 循环异常: name 'ema5' is not defined
[20:19:19] 循环异常: name 'ema5' is not defined
[20:20:30] 循环异常: name 'ema5' is not defined
[20:21:40] 循环异常: name 'ema5' is not defined
[20:22:50] 循环异常: name 'ema5' is not defined
[20:24:01] 循环异常: name 'ema5' is not defined
[20:25:13] 循环异常: name 'ema5' is not defined
[20:26:23] 循环异常: name 'ema5' is not defined
[20:27:34] 循环异常: name 'ema5' is not defined
[20:28:44] 循环异常: name 'ema5' is not defined
[20:29:55] 循环异常: name 'ema5' is not defined
[20:31:05] 循环异常: name 'ema5' is not defined
[20:32:16] 循环异常: name 'ema5' is not defined
[20:33:26] 循环异常: name 'ema5' is not defined
[20:34:37] 循环异常: name 'ema5' is not defined
[20:35:47] 循环异常: name 'ema5' is not defined
[20:36:58] 循环异常: name 'ema5' is not defined
[20:38:08] 循环异常: name 'ema5' is not defined
[20:39:19] 循环异常: name 'ema5' is not defined
[20:40:29] 循环异常: name 'ema5' is not defined
[20:41:39] 循环异常: name 'ema5' is not defined
[20:42:50] 循环异常: name 'ema5' is not defined
[20:44:00] 循环异常: name 'ema5' is not defined
[20:45:11] 循环异常: name 'ema5' is not defined
[20:46:21] 循环异常: name 'ema5' is not defined
[20:47:32] 循环异常: name 'ema5' is not defined
[20:48:42] 循环异常: name 'ema5' is not defined
[20:49:53] 循环异常: name 'ema5' is not defined
[20:51:03] 循环异常: name 'ema5' is not defined
[20:52:14] 循环异常: name 'ema5' is not defined
[20:53:24] 循环异常: name 'ema5' is not defined
[20:54:35] 循环异常: name 'ema5' is not defined
[20:55:45] 循环异常: name 'ema5' is not defined
[20:56:56] 循环异常: name 'ema5' is not defined
[20:58:06] 循环异常: name 'ema5' is not defined
[20:59:17] 循环异常: name 'ema5' is not defined
[21:00:27] 循环异常: name 'ema5' is not defined
[21:01:38] 循环异常: name 'ema5' is not defined
[21:02:48] 循环异常: name 'ema5' is not defined
[21:03:17] ==================================================
[21:03:17] HYPE v4.0 EMA3/10 5m策略启动
[21:03:17] QTY=3 | LEV=10x | TP=3.0% | SL=4.5%
[21:03:17] EMA3/10方向 + ADX1h>27↑ + ADX4h<50
[21:03:17] 量比>3.0x | SMA10±1.5% | RSI>40/<60
[21:03:17] 仓位: 2仓/边
[21:03:17] ==================================================
[21:03:20] 杠杆 10x 逐仓 已设置
[21:03:20] 同步: L0 S0
[21:03:31] 循环异常: name 'ema5' is not defined
[21:04:41] 循环异常: name 'ema5' is not defined
[21:05:52] 循环异常: name 'ema5' is not defined
[21:07:02] 循环异常: name 'ema5' is not defined
[21:08:13] 循环异常: name 'ema5' is not defined
[21:09:23] 循环异常: name 'ema5' is not defined
[21:10:33] 循环异常: name 'ema5' is not defined
[21:11:44] 循环异常: name 'ema5' is not defined
[21:12:54] 循环异常: name 'ema5' is not defined
[21:14:05] 循环异常: name 'ema5' is not defined
[21:15:15] 循环异常: name 'ema5' is not defined
[21:16:26] 循环异常: name 'ema5' is not defined
[21:17:36] 循环异常: name 'ema5' is not defined
[21:18:47] 循环异常: name 'ema5' is not defined
[21:19:57] 循环异常: name 'ema5' is not defined
[21:21:07] 循环异常: name 'ema5' is not defined
[21:22:18] 循环异常: name 'ema5' is not defined
[21:23:28] 循环异常: name 'ema5' is not defined
[21:24:39] 循环异常: name 'ema5' is not defined
[21:25:49] 循环异常: name 'ema5' is not defined
[21:27:00] 循环异常: name 'ema5' is not defined
[21:28:10] 循环异常: name 'ema5' is not defined
